        -:    0:Source:dcraw2.c
        -:    0:Graph:dcraw2.gcno
        -:    0:Data:dcraw2.gcda
        -:    0:Runs:1
        -:    0:Programs:1
        -:    1:/*
        -:    2:   dcraw.c -- Dave Coffin's raw photo decoder
        -:    3:   Copyright 1997-2016 by Dave Coffin, dcoffin a cybercom o net
        -:    4:
        -:    5:   This is a command-line ANSI C program to convert raw photos from
        -:    6:   any digital camera on any computer running any operating system.
        -:    7:
        -:    8:   No license is required to download and use dcraw.c.  However,
        -:    9:   to lawfully redistribute dcraw, you must either (a) offer, at
        -:   10:   no extra charge, full source code* for all executable files
        -:   11:   containing RESTRICTED functions, (b) distribute this code under
        -:   12:   the GPL Version 2 or later, (c) remove all RESTRICTED functions,
        -:   13:   re-implement them, or copy them from an earlier, unrestricted
        -:   14:   Revision of dcraw.c, or (d) purchase a license from the author.
        -:   15:
        -:   16:   The functions that process Foveon images have been RESTRICTED
        -:   17:   since Revision 1.237.  All other code remains free for all uses.
        -:   18:
        -:   19:   *If you have not modified dcraw.c in any way, a link to my
        -:   20:   homepage qualifies as "full source code".
        -:   21:
        -:   22:   $Revision: 1.477 $
        -:   23:   $Date: 2016/05/10 21:30:43 $
        -:   24: */
        -:   25:
        -:   26:#define DCRAW_VERSION "9.27"
        -:   27:
        -:   28:#ifndef _GNU_SOURCE
        -:   29:#define _GNU_SOURCE
        -:   30:#endif
        -:   31:#define _USE_MATH_DEFINES
        -:   32:#include <ctype.h>
        -:   33:#include <errno.h>
        -:   34:#include <fcntl.h>
        -:   35:#include <float.h>
        -:   36:#include <limits.h>
        -:   37:#include <math.h>
        -:   38:#include <setjmp.h>
        -:   39:#include <stdio.h>
        -:   40:#include <stdlib.h>
        -:   41:#include <string.h>
        -:   42:#include <time.h>
        -:   43:#include <sys/types.h>
        -:   44:
        -:   45:#if defined(DJGPP) || defined(__MINGW32__)
        -:   46:#define fseeko fseek
        -:   47:#define ftello ftell
        -:   48:#else
        -:   49:#define fgetc getc_unlocked
        -:   50:#endif
        -:   51:#ifdef __CYGWIN__
        -:   52:#include <io.h>
        -:   53:#endif
        -:   54:#ifdef WIN32
        -:   55:#include <sys/utime.h>
        -:   56:#include <winsock2.h>
        -:   57:#pragma comment(lib, "ws2_32.lib")
        -:   58:#define snprintf _snprintf
        -:   59:#define strcasecmp stricmp
        -:   60:#define strncasecmp strnicmp
        -:   61:typedef __int64 INT64;
        -:   62:typedef unsigned __int64 UINT64;
        -:   63:#else
        -:   64:#include <unistd.h>
        -:   65:#include <utime.h>
        -:   66:#include <netinet/in.h>
        -:   67:typedef long long INT64;
        -:   68:typedef unsigned long long UINT64;
        -:   69:#endif
        -:   70:
        -:   71:#ifdef NODEPS
        -:   72:#define NO_JASPER
        -:   73:#define NO_JPEG
        -:   74:#define NO_LCMS
        -:   75:#endif
        -:   76:#ifndef NO_JASPER
        -:   77:#include <jasper/jasper.h>	/* Decode Red camera movies */
        -:   78:#endif
        -:   79:#ifndef NO_JPEG
        -:   80:#include <jpeglib.h>		/* Decode compressed Kodak DC120 photos */
        -:   81:#endif				/* and Adobe Lossy DNGs */
        -:   82:#ifndef NO_LCMS
        -:   83:#include <lcms2.h>		/* Support color profiles */
        -:   84:#endif
        -:   85:#ifdef LOCALEDIR
        -:   86:#include <libintl.h>
        -:   87:#define _(String) gettext(String)
        -:   88:#else
        -:   89:#define _(String) (String)
        -:   90:#endif
        -:   91:
        -:   92:#if !defined(uchar)
        -:   93:#define uchar unsigned char
        -:   94:#endif
        -:   95:#if !defined(ushort)
        -:   96:#define ushort unsigned short
        -:   97:#endif
        -:   98:
        -:   99:/*
        -:  100:   All global variables are defined here, and all functions that
        -:  101:   access them are prefixed with "CLASS".  Note that a thread-safe
        -:  102:   C++ class cannot have non-const static local variables.
        -:  103: */
        -:  104:FILE *ifp, *ofp;
        -:  105:short order;
        -:  106:const char *ifname;
        -:  107:char *meta_data, xtrans[6][6], xtrans_abs[6][6];
        -:  108:char cdesc[5], desc[512], make[64], model[64], model2[64], artist[64];
        -:  109:float flash_used, canon_ev, iso_speed, shutter, aperture, focal_len;
        -:  110:time_t timestamp;
        -:  111:off_t strip_offset, data_offset;
        -:  112:off_t thumb_offset, meta_offset, profile_offset;
        -:  113:unsigned shot_order, kodak_cbpp, exif_cfa, unique_id;
        -:  114:unsigned thumb_length, meta_length, profile_length;
        -:  115:unsigned thumb_misc, *oprof, fuji_layout, shot_select=0, multi_out=0;
        -:  116:unsigned tiff_nifds, tiff_samples, tiff_bps, tiff_compress;
        -:  117:unsigned black, maximum, mix_green, raw_color, zero_is_bad;
        -:  118:unsigned zero_after_ff, is_raw, dng_version, is_foveon, data_error;
        -:  119:unsigned tile_width, tile_length, gpsdata[32], load_flags;
        -:  120:unsigned flip, tiff_flip, filters, colors;
        -:  121:ushort raw_height, raw_width, height, width, top_margin, left_margin;
        -:  122:ushort shrink, iheight, iwidth, fuji_width, thumb_width, thumb_height;
        -:  123:ushort *raw_image, (*image)[4], cblack[4102];
        -:  124:ushort white[8][8], curve[0x10000], cr2_slice[3], sraw_mul[4];
        -:  125:double pixel_aspect, aber[4]={1,1,1,1}, gamm[6]={ 0.45,4.5,0,0,0,0 };
        -:  126:float bright=1, user_mul[4]={0,0,0,0}, threshold=0;
        -:  127:int mask[8][4];
        -:  128:int half_size=0, four_color_rgb=0, document_mode=0, highlight=0;
        -:  129:int verbose=0, use_auto_wb=0, use_camera_wb=0, use_camera_matrix=1;
        -:  130:int output_color=1, output_bps=8, output_tiff=0, med_passes=0;
        -:  131:int no_auto_bright=0;
        -:  132:unsigned greybox[4] = { 0, 0, UINT_MAX, UINT_MAX };
        -:  133:float cam_mul[4], pre_mul[4], cmatrix[3][4], rgb_cam[3][4];
        -:  134:const double xyz_rgb[3][3] = {			/* XYZ from RGB */
        -:  135:  { 0.412453, 0.357580, 0.180423 },
        -:  136:  { 0.212671, 0.715160, 0.072169 },
        -:  137:  { 0.019334, 0.119193, 0.950227 } };
        -:  138:const float d65_white[3] = { 0.950456, 1, 1.088754 };
        -:  139:int histogram[4][0x2000];
        -:  140:void (*write_thumb)(), (*write_fun)();
        -:  141:void (*load_raw)(), (*thumb_load_raw)();
        -:  142:jmp_buf failure;
        -:  143:
        -:  144:struct decode {
        -:  145:  struct decode *branch[2];
        -:  146:  int leaf;
        -:  147:} first_decode[2048], *second_decode, *free_decode;
        -:  148:
        -:  149:struct tiff_ifd {
        -:  150:  int width, height, bps, comp, phint, offset, flip, samples, bytes;
        -:  151:  int tile_width, tile_length;
        -:  152:  float shutter;
        -:  153:} tiff_ifd[10];
        -:  154:
        -:  155:struct ph1 {
        -:  156:  int format, key_off, tag_21a;
        -:  157:  int black, split_col, black_col, split_row, black_row;
        -:  158:  float tag_210;
        -:  159:} ph1;
        -:  160:
        -:  161:#define CLASS
        -:  162:
        -:  163:#define FORC(cnt) for (c=0; c < cnt; c++)
        -:  164:#define FORC3 FORC(3)
        -:  165:#define FORC4 FORC(4)
        -:  166:#define FORCC FORC(colors)
        -:  167:
        -:  168:#define SQR(x) ((x)*(x))
        -:  169:#define ABS(x) (((int)(x) ^ ((int)(x) >> 31)) - ((int)(x) >> 31))
        -:  170:#define MIN(a,b) ((a) < (b) ? (a) : (b))
        -:  171:#define MAX(a,b) ((a) > (b) ? (a) : (b))
        -:  172:#define LIM(x,min,max) MAX(min,MIN(x,max))
        -:  173:#define ULIM(x,y,z) ((y) < (z) ? LIM(x,y,z) : LIM(x,z,y))
        -:  174:#define CLIP(x) LIM((int)(x),0,65535)
        -:  175:#define SWAP(a,b) { a=a+b; b=a-b; a=a-b; }
        -:  176:
        -:  177:/*
        -:  178:   In order to inline this calculation, I make the risky
        -:  179:   assumption that all filter patterns can be described
        -:  180:   by a repeating pattern of eight rows and two columns
        -:  181:
        -:  182:   Do not use the FC or BAYER macros with the Leaf CatchLight,
        -:  183:   because its pattern is 16x16, not 2x8.
        -:  184:
        -:  185:   Return values are either 0/1/2/3 = G/M/C/Y or 0/1/2/3 = R/G1/B/G2
        -:  186:
        -:  187:	PowerShot 600	PowerShot A50	PowerShot Pro70	Pro90 & G1
        -:  188:	0xe1e4e1e4:	0x1b4e4b1e:	0x1e4b4e1b:	0xb4b4b4b4:
        -:  189:
        -:  190:	  0 1 2 3 4 5	  0 1 2 3 4 5	  0 1 2 3 4 5	  0 1 2 3 4 5
        -:  191:	0 G M G M G M	0 C Y C Y C Y	0 Y C Y C Y C	0 G M G M G M
        -:  192:	1 C Y C Y C Y	1 M G M G M G	1 M G M G M G	1 Y C Y C Y C
        -:  193:	2 M G M G M G	2 Y C Y C Y C	2 C Y C Y C Y
        -:  194:	3 C Y C Y C Y	3 G M G M G M	3 G M G M G M
        -:  195:			4 C Y C Y C Y	4 Y C Y C Y C
        -:  196:	PowerShot A5	5 G M G M G M	5 G M G M G M
        -:  197:	0x1e4e1e4e:	6 Y C Y C Y C	6 C Y C Y C Y
        -:  198:			7 M G M G M G	7 M G M G M G
        -:  199:	  0 1 2 3 4 5
        -:  200:	0 C Y C Y C Y
        -:  201:	1 G M G M G M
        -:  202:	2 C Y C Y C Y
        -:  203:	3 M G M G M G
        -:  204:
        -:  205:   All RGB cameras use one of these Bayer grids:
        -:  206:
        -:  207:	0x16161616:	0x61616161:	0x49494949:	0x94949494:
        -:  208:
        -:  209:	  0 1 2 3 4 5	  0 1 2 3 4 5	  0 1 2 3 4 5	  0 1 2 3 4 5
        -:  210:	0 B G B G B G	0 G R G R G R	0 G B G B G B	0 R G R G R G
        -:  211:	1 G R G R G R	1 B G B G B G	1 R G R G R G	1 G B G B G B
        -:  212:	2 B G B G B G	2 G R G R G R	2 G B G B G B	2 R G R G R G
        -:  213:	3 G R G R G R	3 B G B G B G	3 R G R G R G	3 G B G B G B
        -:  214: */
        -:  215:
        -:  216:#define RAW(row,col) \
        -:  217:	raw_image[(row)*raw_width+(col)]
        -:  218:
        -:  219:#define FC(row,col) \
        -:  220:	(filters >> ((((row) << 1 & 14) + ((col) & 1)) << 1) & 3)
        -:  221:
        -:  222:#define BAYER(row,col) \
        -:  223:	image[((row) >> shrink)*iwidth + ((col) >> shrink)][FC(row,col)]
        -:  224:
        -:  225:#define BAYER2(row,col) \
        -:  226:	image[((row) >> shrink)*iwidth + ((col) >> shrink)][fcol(row,col)]
        -:  227:
 18293400:  228:int CLASS fcol (int row, int col)
        -:  229:{
        -:  230:  static const char filter[16][16] =
        -:  231:  { { 2,1,1,3,2,3,2,0,3,2,3,0,1,2,1,0 },
        -:  232:    { 0,3,0,2,0,1,3,1,0,1,1,2,0,3,3,2 },
        -:  233:    { 2,3,3,2,3,1,1,3,3,1,2,1,2,0,0,3 },
        -:  234:    { 0,1,0,1,0,2,0,2,2,0,3,0,1,3,2,1 },
        -:  235:    { 3,1,1,2,0,1,0,2,1,3,1,3,0,1,3,0 },
        -:  236:    { 2,0,0,3,3,2,3,1,2,0,2,0,3,2,2,1 },
        -:  237:    { 2,3,3,1,2,1,2,1,2,1,1,2,3,0,0,1 },
        -:  238:    { 1,0,0,2,3,0,0,3,0,3,0,3,2,1,2,3 },
        -:  239:    { 2,3,3,1,1,2,1,0,3,2,3,0,2,3,1,3 },
        -:  240:    { 1,0,2,0,3,0,3,2,0,1,1,2,0,1,0,2 },
        -:  241:    { 0,1,1,3,3,2,2,1,1,3,3,0,2,1,3,2 },
        -:  242:    { 2,3,2,0,0,1,3,0,2,0,1,2,3,0,1,0 },
        -:  243:    { 1,3,1,2,3,2,3,2,0,2,0,1,1,0,3,0 },
        -:  244:    { 0,2,0,3,1,0,0,1,1,3,3,2,3,2,2,1 },
        -:  245:    { 2,1,3,2,3,1,2,1,0,3,0,2,0,2,0,2 },
        -:  246:    { 0,3,1,0,0,2,0,3,2,1,3,1,1,3,1,3 } };
        -:  247:
 18293400:  248:  if (filters == 1) return filter[(row+top_margin)&15][(col+left_margin)&15];
 18293400:  249:  if (filters == 9) return xtrans[(row+6) % 6][(col+6) % 6];
 18293400:  250:  return FC(row,col);
        -:  251:}
        -:  252:
        -:  253:#ifndef __GLIBC__
        -:  254:char *my_memmem (char *haystack, size_t haystacklen,
        -:  255:	      char *needle, size_t needlelen)
        -:  256:{
        -:  257:  char *c;
        -:  258:  for (c = haystack; c <= haystack + haystacklen - needlelen; c++)
        -:  259:    if (!memcmp (c, needle, needlelen))
        -:  260:      return c;
        -:  261:  return 0;
        -:  262:}
        -:  263:#define memmem my_memmem
        -:  264:char *my_strcasestr (char *haystack, const char *needle)
        -:  265:{
        -:  266:  char *c;
        -:  267:  for (c = haystack; *c; c++)
        -:  268:    if (!strncasecmp(c, needle, strlen(needle)))
        -:  269:      return c;
        -:  270:  return 0;
        -:  271:}
        -:  272:#define strcasestr my_strcasestr
        -:  273:#endif
        -:  274:
        8:  275:void CLASS merror (void *ptr, const char *where)
        -:  276:{
       16:  277:  if (ptr) return;
    #####:  278:  fprintf (stderr,_("%s: Out of memory in %s\n"), ifname, where);
    #####:  279:  longjmp (failure, 1);
        -:  280:}
        -:  281:
    #####:  282:void CLASS derror()
        -:  283:{
    #####:  284:  if (!data_error) {
    #####:  285:    fprintf (stderr, "%s: ", ifname);
    #####:  286:    if (feof(ifp))
    #####:  287:      fprintf (stderr,_("Unexpected end of file\n"));
        -:  288:    else
    #####:  289:      fprintf (stderr,_("Corrupt data near 0x%llx\n"), (INT64) ftello(ifp));
        -:  290:  }
    #####:  291:  data_error++;
    #####:  292:}
        -:  293:
    #####:  294:ushort CLASS sget2 (uchar *s)
        -:  295:{
      338:  296:  if (order == 0x4949)		/* "II" means little-endian */
      337:  297:    return s[0] | s[1] << 8;
        -:  298:  else				/* "MM" means big-endian */
        1:  299:    return s[0] << 8 | s[1];
        -:  300:}
        -:  301:
      338:  302:ushort CLASS get2()
        -:  303:{
      338:  304:  uchar str[2] = { 0xff,0xff };
      338:  305:  fread (str, 1, 2, ifp);
      338:  306:  return sget2(str);
        -:  307:}
        -:  308:
      231:  309:unsigned CLASS sget4 (uchar *s)
        -:  310:{
      231:  311:  if (order == 0x4949)
      231:  312:    return s[0] | s[1] << 8 | s[2] << 16 | s[3] << 24;
        -:  313:  else
    #####:  314:    return s[0] << 24 | s[1] << 16 | s[2] << 8 | s[3];
        -:  315:}
        -:  316:#define sget4(s) sget4((uchar *)s)
        -:  317:
      231:  318:unsigned CLASS get4()
        -:  319:{
      231:  320:  uchar str[4] = { 0xff,0xff,0xff,0xff };
      231:  321:  fread (str, 1, 4, ifp);
      231:  322:  return sget4(str);
        -:  323:}
        -:  324:
    #####:  325:unsigned CLASS getint (int type)
        -:  326:{
       10:  327:  return type == 3 ? get2() : get4();
        -:  328:}
        -:  329:
    #####:  330:float CLASS int_to_float (int i)
        -:  331:{
        -:  332:  union { int i; float f; } u;
        -:  333:  u.i = i;
    #####:  334:  return u.f;
        -:  335:}
        -:  336:
        5:  337:double CLASS getreal (int type)
        -:  338:{
        -:  339:  union { char c[8]; double d; } u;
        -:  340:  int i, rev;
        -:  341:
        5:  342:  switch (type) {
    #####:  343:    case 3: return (unsigned short) get2();
    #####:  344:    case 4: return (unsigned int) get4();
        4:  345:    case 5:  u.d = (unsigned int) get4();
        4:  346:      return u.d / (unsigned int) get4();
    #####:  347:    case 8: return (signed short) get2();
    #####:  348:    case 9: return (signed int) get4();
        1:  349:    case 10: u.d = (signed int) get4();
        1:  350:      return u.d / (signed int) get4();
    #####:  351:    case 11: return int_to_float (get4());
    #####:  352:    case 12:
    #####:  353:      rev = 7 * ((order == 0x4949) == (ntohs(0x1234) == 0x1234));
    #####:  354:      for (i=0; i < 8; i++)
    #####:  355:	u.c[i ^ rev] = fgetc(ifp);
    #####:  356:      return u.d;
    #####:  357:    default: return fgetc(ifp);
        -:  358:  }
        -:  359:}
        -:  360:
        1:  361:void CLASS read_shorts (ushort *pixel, int count)
        -:  362:{
        1:  363:  if (fread (pixel, 2, count, ifp) < count) derror();
        1:  364:  if ((order == 0x4949) == (ntohs(0x1234) == 0x1234))
    #####:  365:    swab (pixel, pixel, count*2);
        1:  366:}
        -:  367:
    #####:  368:void CLASS cubic_spline (const int *x_, const int *y_, const int len)
        -:  369:{
        -:  370:  float **A, *b, *c, *d, *x, *y;
        -:  371:  int i, j;
        -:  372:
    #####:  373:  A = (float **) calloc (((2*len + 4)*sizeof **A + sizeof *A), 2*len);
    #####:  374:  if (!A) return;
    #####:  375:  A[0] = (float *) (A + 2*len);
    #####:  376:  for (i = 1; i < 2*len; i++)
    #####:  377:    A[i] = A[0] + 2*len*i;
    #####:  378:  y = len + (x = i + (d = i + (c = i + (b = A[0] + i*i))));
    #####:  379:  for (i = 0; i < len; i++) {
    #####:  380:    x[i] = x_[i] / 65535.0;
    #####:  381:    y[i] = y_[i] / 65535.0;
        -:  382:  }
    #####:  383:  for (i = len-1; i > 0; i--) {
    #####:  384:    b[i] = (y[i] - y[i-1]) / (x[i] - x[i-1]);
    #####:  385:    d[i-1] = x[i] - x[i-1];
        -:  386:  }
    #####:  387:  for (i = 1; i < len-1; i++) {
    #####:  388:    A[i][i] = 2 * (d[i-1] + d[i]);
    #####:  389:    if (i > 1) {
    #####:  390:      A[i][i-1] = d[i-1];
    #####:  391:      A[i-1][i] = d[i-1];
        -:  392:    }
    #####:  393:    A[i][len-1] = 6 * (b[i+1] - b[i]);
        -:  394:  }
    #####:  395:  for(i = 1; i < len-2; i++) {
    #####:  396:    float v = A[i+1][i] / A[i][i];
    #####:  397:    for(j = 1; j <= len-1; j++)
    #####:  398:      A[i+1][j] -= v * A[i][j];
        -:  399:  }
    #####:  400:  for(i = len-2; i > 0; i--) {
        -:  401:    float acc = 0;
    #####:  402:    for(j = i; j <= len-2; j++)
    #####:  403:      acc += A[i][j]*c[j];
    #####:  404:    c[i] = (A[i][len-1] - acc) / A[i][i];
        -:  405:  }
    #####:  406:  for (i = 0; i < 0x10000; i++) {
    #####:  407:    float x_out = (float)(i / 65535.0);
        -:  408:    float y_out = 0;
    #####:  409:    for (j = 0; j < len-1; j++) {
    #####:  410:      if (x[j] <= x_out && x_out <= x[j+1]) {
    #####:  411:	float v = x_out - x[j];
    #####:  412:	y_out = y[j] +
    #####:  413:	  ((y[j+1] - y[j]) / d[j] - (2 * d[j] * c[j] + c[j+1] * d[j])/6) * v
    #####:  414:	   + (c[j] * 0.5) * v*v + ((c[j+1] - c[j]) / (6 * d[j])) * v*v*v;
        -:  415:      }
        -:  416:    }
    #####:  417:    curve[i] = y_out < 0.0 ? 0 : (y_out >= 1.0 ? 65535 :
    #####:  418:		(ushort)(y_out * 65535.0 + 0.5));
        -:  419:  }
    #####:  420:  free (A);
        -:  421:}
        -:  422:
    #####:  423:void CLASS canon_600_fixed_wb (int temp)
        -:  424:{
        -:  425:  static const short mul[4][5] = {
        -:  426:    {  667, 358,397,565,452 },
        -:  427:    {  731, 390,367,499,517 },
        -:  428:    { 1119, 396,348,448,537 },
        -:  429:    { 1399, 485,431,508,688 } };
        -:  430:  int lo, hi, i;
        -:  431:  float frac=0;
        -:  432:
    #####:  433:  for (lo=4; --lo; )
    #####:  434:    if (*mul[lo] <= temp) break;
    #####:  435:  for (hi=0; hi < 3; hi++)
    #####:  436:    if (*mul[hi] >= temp) break;
    #####:  437:  if (lo != hi)
    #####:  438:    frac = (float) (temp - *mul[lo]) / (*mul[hi] - *mul[lo]);
    #####:  439:  for (i=1; i < 5; i++)
    #####:  440:    pre_mul[i-1] = 1 / (frac * mul[hi][i] + (1-frac) * mul[lo][i]);
    #####:  441:}
        -:  442:
        -:  443:/* Return values:  0 = white  1 = near white  2 = not white */
    #####:  444:int CLASS canon_600_color (int ratio[2], int mar)
        -:  445:{
        -:  446:  int clipped=0, target, miss;
        -:  447:
    #####:  448:  if (flash_used) {
    #####:  449:    if (ratio[1] < -104)
    #####:  450:      { ratio[1] = -104; clipped = 1; }
    #####:  451:    if (ratio[1] >   12)
    #####:  452:      { ratio[1] =   12; clipped = 1; }
        -:  453:  } else {
    #####:  454:    if (ratio[1] < -264 || ratio[1] > 461) return 2;
    #####:  455:    if (ratio[1] < -50)
    #####:  456:      { ratio[1] = -50; clipped = 1; }
    #####:  457:    if (ratio[1] > 307)
    #####:  458:      { ratio[1] = 307; clipped = 1; }
        -:  459:  }
    #####:  460:  target = flash_used || ratio[1] < 197
    #####:  461:	? -38 - (398 * ratio[1] >> 10)
    #####:  462:	: -123 + (48 * ratio[1] >> 10);
    #####:  463:  if (target - mar <= ratio[0] &&
    #####:  464:      target + 20  >= ratio[0] && !clipped) return 0;
    #####:  465:  miss = target - ratio[0];
    #####:  466:  if (abs(miss) >= mar*4) return 2;
    #####:  467:  if (miss < -20) miss = -20;
    #####:  468:  if (miss > mar) miss = mar;
    #####:  469:  ratio[0] = target - miss;
    #####:  470:  return 1;
        -:  471:}
        -:  472:
    #####:  473:void CLASS canon_600_auto_wb()
        -:  474:{
    #####:  475:  int mar, row, col, i, j, st, count[] = { 0,0 };
        -:  476:  int test[8], total[2][8], ratio[2][2], stat[2];
        -:  477:
    #####:  478:  memset (&total, 0, sizeof total);
    #####:  479:  i = canon_ev + 0.5;
    #####:  480:  if      (i < 10) mar = 150;
    #####:  481:  else if (i > 12) mar = 20;
    #####:  482:  else mar = 280 - 20 * i;
    #####:  483:  if (flash_used) mar = 80;
    #####:  484:  for (row=14; row < height-14; row+=4)
    #####:  485:    for (col=10; col < width; col+=2) {
    #####:  486:      for (i=0; i < 8; i++)
    #####:  487:	test[(i & 4) + FC(row+(i >> 1),col+(i & 1))] =
    #####:  488:		    BAYER(row+(i >> 1),col+(i & 1));
    #####:  489:      for (i=0; i < 8; i++)
    #####:  490:	if (test[i] < 150 || test[i] > 1500) goto next;
    #####:  491:      for (i=0; i < 4; i++)
    #####:  492:	if (abs(test[i] - test[i+4]) > 50) goto next;
    #####:  493:      for (i=0; i < 2; i++) {
    #####:  494:	for (j=0; j < 4; j+=2)
    #####:  495:	  ratio[i][j >> 1] = ((test[i*4+j+1]-test[i*4+j]) << 10) / test[i*4+j];
    #####:  496:	stat[i] = canon_600_color (ratio[i], mar);
        -:  497:      }
    #####:  498:      if ((st = stat[0] | stat[1]) > 1) goto next;
    #####:  499:      for (i=0; i < 2; i++)
    #####:  500:	if (stat[i])
    #####:  501:	  for (j=0; j < 2; j++)
    #####:  502:	    test[i*4+j*2+1] = test[i*4+j*2] * (0x400 + ratio[i][j]) >> 10;
    #####:  503:      for (i=0; i < 8; i++)
    #####:  504:	total[st][i] += test[i];
    #####:  505:      count[st]++;
    #####:  506:next: ;
        -:  507:    }
    #####:  508:  if (count[0] | count[1]) {
    #####:  509:    st = count[0]*200 < count[1];
    #####:  510:    for (i=0; i < 4; i++)
    #####:  511:      pre_mul[i] = 1.0 / (total[st][i] + total[st][i+4]);
        -:  512:  }
    #####:  513:}
        -:  514:
    #####:  515:void CLASS canon_600_coeff()
        -:  516:{
        -:  517:  static const short table[6][12] = {
        -:  518:    { -190,702,-1878,2390,   1861,-1349,905,-393, -432,944,2617,-2105  },
        -:  519:    { -1203,1715,-1136,1648, 1388,-876,267,245,  -1641,2153,3921,-3409 },
        -:  520:    { -615,1127,-1563,2075,  1437,-925,509,3,     -756,1268,2519,-2007 },
        -:  521:    { -190,702,-1886,2398,   2153,-1641,763,-251, -452,964,3040,-2528  },
        -:  522:    { -190,702,-1878,2390,   1861,-1349,905,-393, -432,944,2617,-2105  },
        -:  523:    { -807,1319,-1785,2297,  1388,-876,769,-257,  -230,742,2067,-1555  } };
        -:  524:  int t=0, i, c;
        -:  525:  float mc, yc;
        -:  526:
    #####:  527:  mc = pre_mul[1] / pre_mul[2];
    #####:  528:  yc = pre_mul[3] / pre_mul[2];
    #####:  529:  if (mc > 1 && mc <= 1.28 && yc < 0.8789) t=1;
    #####:  530:  if (mc > 1.28 && mc <= 2) {
    #####:  531:    if  (yc < 0.8789) t=3;
    #####:  532:    else if (yc <= 2) t=4;
        -:  533:  }
    #####:  534:  if (flash_used) t=5;
    #####:  535:  for (raw_color = i=0; i < 3; i++)
    #####:  536:    FORCC rgb_cam[i][c] = table[t][i*4 + c] / 1024.0;
    #####:  537:}
        -:  538:
    #####:  539:void CLASS canon_600_load_raw()
        -:  540:{
        -:  541:  uchar  data[1120], *dp;
        -:  542:  ushort *pix;
        -:  543:  int irow, row;
        -:  544:
    #####:  545:  for (irow=row=0; irow < height; irow++) {
    #####:  546:    if (fread (data, 1, 1120, ifp) < 1120) derror();
    #####:  547:    pix = raw_image + row*raw_width;
    #####:  548:    for (dp=data; dp < data+1120;  dp+=10, pix+=8) {
    #####:  549:      pix[0] = (dp[0] << 2) + (dp[1] >> 6    );
    #####:  550:      pix[1] = (dp[2] << 2) + (dp[1] >> 4 & 3);
    #####:  551:      pix[2] = (dp[3] << 2) + (dp[1] >> 2 & 3);
    #####:  552:      pix[3] = (dp[4] << 2) + (dp[1]      & 3);
    #####:  553:      pix[4] = (dp[5] << 2) + (dp[9]      & 3);
    #####:  554:      pix[5] = (dp[6] << 2) + (dp[9] >> 2 & 3);
    #####:  555:      pix[6] = (dp[7] << 2) + (dp[9] >> 4 & 3);
    #####:  556:      pix[7] = (dp[8] << 2) + (dp[9] >> 6    );
        -:  557:    }
    #####:  558:    if ((row+=2) > height) row = 1;
        -:  559:  }
    #####:  560:}
        -:  561:
    #####:  562:void CLASS canon_600_correct()
        -:  563:{
        -:  564:  int row, col, val;
        -:  565:  static const short mul[4][2] =
        -:  566:  { { 1141,1145 }, { 1128,1109 }, { 1178,1149 }, { 1128,1109 } };
        -:  567:
    #####:  568:  for (row=0; row < height; row++)
    #####:  569:    for (col=0; col < width; col++) {
    #####:  570:      if ((val = BAYER(row,col) - black) < 0) val = 0;
    #####:  571:      val = val * mul[row & 3][col & 1] >> 9;
    #####:  572:      BAYER(row,col) = val;
        -:  573:    }
    #####:  574:  canon_600_fixed_wb(1311);
    #####:  575:  canon_600_auto_wb();
    #####:  576:  canon_600_coeff();
    #####:  577:  maximum = (0x3ff - black) * 1109 >> 9;
    #####:  578:  black = 0;
    #####:  579:}
        -:  580:
    #####:  581:int CLASS canon_s2is()
        -:  582:{
        -:  583:  unsigned row;
        -:  584:
    #####:  585:  for (row=0; row < 100; row++) {
    #####:  586:    fseek (ifp, row*3340 + 3284, SEEK_SET);
    #####:  587:    if (getc(ifp) > 15) return 1;
        -:  588:  }
        -:  589:  return 0;
        -:  590:}
        -:  591:
 38305792:  592:unsigned CLASS getbithuff (int nbits, ushort *huff)
        -:  593:{
        -:  594:  static unsigned bitbuf=0;
        -:  595:  static int vbits=0, reset=0;
        -:  596:  unsigned c;
        -:  597:
 38305792:  598:  if (nbits > 25) return 0;
 38305792:  599:  if (nbits < 0)
        1:  600:    return bitbuf = vbits = reset = 0;
 38305792:  601:  if (nbits == 0 || vbits < 0) return 0;
 99128981:  602:  while (!reset && vbits < nbits && (c = fgetc(ifp)) != EOF &&
 20410988:  603:    !(reset = zero_after_ff && c == 0xff && fgetc(ifp))) {
 20364760:  604:    bitbuf = (bitbuf << 8) + (uchar) c;
 20364760:  605:    vbits += 8;
        -:  606:  }
 38034701:  607:  c = bitbuf << (32-vbits) >> (32-nbits);
 38034701:  608:  if (huff) {
 19152896:  609:    vbits -= huff[c] >> 8;
 19152896:  610:    c = (uchar) huff[c];
        -:  611:  } else
 18881805:  612:    vbits -= nbits;
 38034701:  613:  if (vbits < 0) derror();
        -:  614:  return c;
        -:  615:}
        -:  616:
        -:  617:#define getbits(n) getbithuff(n,0)
        -:  618:#define gethuff(h) getbithuff(*h,h+1)
        -:  619:
        -:  620:/*
        -:  621:   Construct a decode tree according the specification in *source.
        -:  622:   The first 16 bytes specify how many codes should be 1-bit, 2-bit
        -:  623:   3-bit, etc.  Bytes after that are the leaf values.
        -:  624:
        -:  625:   For example, if the source is
        -:  626:
        -:  627:    { 0,1,4,2,3,1,2,0,0,0,0,0,0,0,0,0,
        -:  628:      0x04,0x03,0x05,0x06,0x02,0x07,0x01,0x08,0x09,0x00,0x0a,0x0b,0xff  },
        -:  629:
        -:  630:   then the code is
        -:  631:
        -:  632:	00		0x04
        -:  633:	010		0x03
        -:  634:	011		0x05
        -:  635:	100		0x06
        -:  636:	101		0x02
        -:  637:	1100		0x07
        -:  638:	1101		0x01
        -:  639:	11100		0x08
        -:  640:	11101		0x09
        -:  641:	11110		0x00
        -:  642:	111110		0x0a
        -:  643:	1111110		0x0b
        -:  644:	1111111		0xff
        -:  645: */
        2:  646:ushort * CLASS make_decoder_ref (const uchar **source)
        -:  647:{
        -:  648:  int max, len, h, i, j;
        -:  649:  const uchar *count;
        -:  650:  ushort *huff;
        -:  651:
        2:  652:  count = (*source += 16) - 17;
        2:  653:  for (max=16; max && !count[max]; max--);
        2:  654:  huff = (ushort *) calloc (1 + (1 << max), sizeof *huff);
        2:  655:  merror (huff, "make_decoder()");
        2:  656:  huff[0] = max;
       22:  657:  for (h=len=1; len <= max; len++)
       30:  658:    for (i=0; i < count[len]; i++, ++*source)
     2046:  659:      for (j=0; j < 1 << (max-len); j++)
     2046:  660:	if (h <= 1 << max)
     2046:  661:	  huff[h++] = len << 8 | **source;
        2:  662:  return huff;
        -:  663:}
        -:  664:
    #####:  665:ushort * CLASS make_decoder (const uchar *source)
        -:  666:{
    #####:  667:  return make_decoder_ref (&source);
        -:  668:}
        -:  669:
    #####:  670:void CLASS crw_init_tables (unsigned table, ushort *huff[2])
        -:  671:{
        -:  672:  static const uchar first_tree[3][29] = {
        -:  673:    { 0,1,4,2,3,1,2,0,0,0,0,0,0,0,0,0,
        -:  674:      0x04,0x03,0x05,0x06,0x02,0x07,0x01,0x08,0x09,0x00,0x0a,0x0b,0xff  },
        -:  675:    { 0,2,2,3,1,1,1,1,2,0,0,0,0,0,0,0,
        -:  676:      0x03,0x02,0x04,0x01,0x05,0x00,0x06,0x07,0x09,0x08,0x0a,0x0b,0xff  },
        -:  677:    { 0,0,6,3,1,1,2,0,0,0,0,0,0,0,0,0,
        -:  678:      0x06,0x05,0x07,0x04,0x08,0x03,0x09,0x02,0x00,0x0a,0x01,0x0b,0xff  },
        -:  679:  };
        -:  680:  static const uchar second_tree[3][180] = {
        -:  681:    { 0,2,2,2,1,4,2,1,2,5,1,1,0,0,0,139,
        -:  682:      0x03,0x04,0x02,0x05,0x01,0x06,0x07,0x08,
        -:  683:      0x12,0x13,0x11,0x14,0x09,0x15,0x22,0x00,0x21,0x16,0x0a,0xf0,
        -:  684:      0x23,0x17,0x24,0x31,0x32,0x18,0x19,0x33,0x25,0x41,0x34,0x42,
        -:  685:      0x35,0x51,0x36,0x37,0x38,0x29,0x79,0x26,0x1a,0x39,0x56,0x57,
        -:  686:      0x28,0x27,0x52,0x55,0x58,0x43,0x76,0x59,0x77,0x54,0x61,0xf9,
        -:  687:      0x71,0x78,0x75,0x96,0x97,0x49,0xb7,0x53,0xd7,0x74,0xb6,0x98,
        -:  688:      0x47,0x48,0x95,0x69,0x99,0x91,0xfa,0xb8,0x68,0xb5,0xb9,0xd6,
        -:  689:      0xf7,0xd8,0x67,0x46,0x45,0x94,0x89,0xf8,0x81,0xd5,0xf6,0xb4,
        -:  690:      0x88,0xb1,0x2a,0x44,0x72,0xd9,0x87,0x66,0xd4,0xf5,0x3a,0xa7,
        -:  691:      0x73,0xa9,0xa8,0x86,0x62,0xc7,0x65,0xc8,0xc9,0xa1,0xf4,0xd1,
        -:  692:      0xe9,0x5a,0x92,0x85,0xa6,0xe7,0x93,0xe8,0xc1,0xc6,0x7a,0x64,
        -:  693:      0xe1,0x4a,0x6a,0xe6,0xb3,0xf1,0xd3,0xa5,0x8a,0xb2,0x9a,0xba,
        -:  694:      0x84,0xa4,0x63,0xe5,0xc5,0xf3,0xd2,0xc4,0x82,0xaa,0xda,0xe4,
        -:  695:      0xf2,0xca,0x83,0xa3,0xa2,0xc3,0xea,0xc2,0xe2,0xe3,0xff,0xff  },
        -:  696:    { 0,2,2,1,4,1,4,1,3,3,1,0,0,0,0,140,
        -:  697:      0x02,0x03,0x01,0x04,0x05,0x12,0x11,0x06,
        -:  698:      0x13,0x07,0x08,0x14,0x22,0x09,0x21,0x00,0x23,0x15,0x31,0x32,
        -:  699:      0x0a,0x16,0xf0,0x24,0x33,0x41,0x42,0x19,0x17,0x25,0x18,0x51,
        -:  700:      0x34,0x43,0x52,0x29,0x35,0x61,0x39,0x71,0x62,0x36,0x53,0x26,
        -:  701:      0x38,0x1a,0x37,0x81,0x27,0x91,0x79,0x55,0x45,0x28,0x72,0x59,
        -:  702:      0xa1,0xb1,0x44,0x69,0x54,0x58,0xd1,0xfa,0x57,0xe1,0xf1,0xb9,
        -:  703:      0x49,0x47,0x63,0x6a,0xf9,0x56,0x46,0xa8,0x2a,0x4a,0x78,0x99,
        -:  704:      0x3a,0x75,0x74,0x86,0x65,0xc1,0x76,0xb6,0x96,0xd6,0x89,0x85,
        -:  705:      0xc9,0xf5,0x95,0xb4,0xc7,0xf7,0x8a,0x97,0xb8,0x73,0xb7,0xd8,
        -:  706:      0xd9,0x87,0xa7,0x7a,0x48,0x82,0x84,0xea,0xf4,0xa6,0xc5,0x5a,
        -:  707:      0x94,0xa4,0xc6,0x92,0xc3,0x68,0xb5,0xc8,0xe4,0xe5,0xe6,0xe9,
        -:  708:      0xa2,0xa3,0xe3,0xc2,0x66,0x67,0x93,0xaa,0xd4,0xd5,0xe7,0xf8,
        -:  709:      0x88,0x9a,0xd7,0x77,0xc4,0x64,0xe2,0x98,0xa5,0xca,0xda,0xe8,
        -:  710:      0xf3,0xf6,0xa9,0xb2,0xb3,0xf2,0xd2,0x83,0xba,0xd3,0xff,0xff  },
        -:  711:    { 0,0,6,2,1,3,3,2,5,1,2,2,8,10,0,117,
        -:  712:      0x04,0x05,0x03,0x06,0x02,0x07,0x01,0x08,
        -:  713:      0x09,0x12,0x13,0x14,0x11,0x15,0x0a,0x16,0x17,0xf0,0x00,0x22,
        -:  714:      0x21,0x18,0x23,0x19,0x24,0x32,0x31,0x25,0x33,0x38,0x37,0x34,
        -:  715:      0x35,0x36,0x39,0x79,0x57,0x58,0x59,0x28,0x56,0x78,0x27,0x41,
        -:  716:      0x29,0x77,0x26,0x42,0x76,0x99,0x1a,0x55,0x98,0x97,0xf9,0x48,
        -:  717:      0x54,0x96,0x89,0x47,0xb7,0x49,0xfa,0x75,0x68,0xb6,0x67,0x69,
        -:  718:      0xb9,0xb8,0xd8,0x52,0xd7,0x88,0xb5,0x74,0x51,0x46,0xd9,0xf8,
        -:  719:      0x3a,0xd6,0x87,0x45,0x7a,0x95,0xd5,0xf6,0x86,0xb4,0xa9,0x94,
        -:  720:      0x53,0x2a,0xa8,0x43,0xf5,0xf7,0xd4,0x66,0xa7,0x5a,0x44,0x8a,
        -:  721:      0xc9,0xe8,0xc8,0xe7,0x9a,0x6a,0x73,0x4a,0x61,0xc7,0xf4,0xc6,
        -:  722:      0x65,0xe9,0x72,0xe6,0x71,0x91,0x93,0xa6,0xda,0x92,0x85,0x62,
        -:  723:      0xf3,0xc5,0xb2,0xa4,0x84,0xba,0x64,0xa5,0xb3,0xd2,0x81,0xe5,
        -:  724:      0xd3,0xaa,0xc4,0xca,0xf2,0xb1,0xe4,0xd1,0x83,0x63,0xea,0xc3,
        -:  725:      0xe2,0x82,0xf1,0xa3,0xc2,0xa1,0xc1,0xe3,0xa2,0xe1,0xff,0xff  }
        -:  726:  };
    #####:  727:  if (table > 2) table = 2;
    #####:  728:  huff[0] = make_decoder ( first_tree[table]);
    #####:  729:  huff[1] = make_decoder (second_tree[table]);
    #####:  730:}
        -:  731:
        -:  732:/*
        -:  733:   Return 0 if the image starts with compressed data,
        -:  734:   1 if it starts with uncompressed low-order bits.
        -:  735:
        -:  736:   In Canon compressed data, 0xff is always followed by 0x00.
        -:  737: */
    #####:  738:int CLASS canon_has_lowbits()
        -:  739:{
        -:  740:  uchar test[0x4000];
        -:  741:  int ret=1, i;
        -:  742:
    #####:  743:  fseek (ifp, 0, SEEK_SET);
    #####:  744:  fread (test, 1, sizeof test, ifp);
    #####:  745:  for (i=540; i < sizeof test - 1; i++)
    #####:  746:    if (test[i] == 0xff) {
    #####:  747:      if (test[i+1]) return 1;
        -:  748:      ret=0;
        -:  749:    }
        -:  750:  return ret;
        -:  751:}
        -:  752:
    #####:  753:void CLASS canon_load_raw()
        -:  754:{
        -:  755:  ushort *pixel, *prow, *huff[2];
        -:  756:  int nblocks, lowbits, i, c, row, r, save, val;
        -:  757:  int block, diffbuf[64], leaf, len, diff, carry=0, pnum=0, base[2];
        -:  758:
    #####:  759:  crw_init_tables (tiff_compress, huff);
    #####:  760:  lowbits = canon_has_lowbits();
    #####:  761:  if (!lowbits) maximum = 0x3ff;
    #####:  762:  fseek (ifp, 540 + lowbits*raw_height*raw_width/4, SEEK_SET);
    #####:  763:  zero_after_ff = 1;
        -:  764:  getbits(-1);
    #####:  765:  for (row=0; row < raw_height; row+=8) {
    #####:  766:    pixel = raw_image + row*raw_width;
    #####:  767:    nblocks = MIN (8, raw_height-row) * raw_width >> 6;
    #####:  768:    for (block=0; block < nblocks; block++) {
    #####:  769:      memset (diffbuf, 0, sizeof diffbuf);
    #####:  770:      for (i=0; i < 64; i++ ) {
    #####:  771:	leaf = gethuff(huff[i > 0]);
    #####:  772:	if (leaf == 0 && i) break;
    #####:  773:	if (leaf == 0xff) continue;
    #####:  774:	i  += leaf >> 4;
    #####:  775:	len = leaf & 15;
    #####:  776:	if (len == 0) continue;
    #####:  777:	diff = getbits(len);
    #####:  778:	if ((diff & (1 << (len-1))) == 0)
    #####:  779:	  diff -= (1 << len) - 1;
    #####:  780:	if (i < 64) diffbuf[i] = diff;
        -:  781:      }
    #####:  782:      diffbuf[0] += carry;
        -:  783:      carry = diffbuf[0];
    #####:  784:      for (i=0; i < 64; i++ ) {
    #####:  785:	if (pnum++ % raw_width == 0)
    #####:  786:	  base[0] = base[1] = 512;
    #####:  787:	if ((pixel[(block << 6) + i] = base[i & 1] += diffbuf[i]) >> 10)
    #####:  788:	  derror();
        -:  789:      }
        -:  790:    }
    #####:  791:    if (lowbits) {
    #####:  792:      save = ftell(ifp);
    #####:  793:      fseek (ifp, 26 + row*raw_width/4, SEEK_SET);
    #####:  794:      for (prow=pixel, i=0; i < raw_width*2; i++) {
    #####:  795:	c = fgetc(ifp);
    #####:  796:	for (r=0; r < 8; r+=2, prow++) {
    #####:  797:	  val = (*prow << 2) + ((c >> r) & 3);
    #####:  798:	  if (raw_width == 2672 && val < 512) val += 2;
    #####:  799:	  *prow = val;
        -:  800:	}
        -:  801:      }
    #####:  802:      fseek (ifp, save, SEEK_SET);
        -:  803:    }
        -:  804:  }
    #####:  805:  FORC(2) free (huff[c]);
    #####:  806:}
        -:  807:
        -:  808:struct jhead {
        -:  809:  int algo, bits, high, wide, clrs, sraw, psv, restart, vpred[6];
        -:  810:  ushort quant[64], idct[64], *huff[20], *free[20], *row;
        -:  811:};
        -:  812:
        3:  813:int CLASS ljpeg_start (struct jhead *jh, int info_only)
        -:  814:{
        -:  815:  ushort c, tag, len;
        -:  816:  uchar data[0x10000];
        -:  817:  const uchar *dp;
        -:  818:
        3:  819:  memset (jh, 0, sizeof *jh);
        3:  820:  jh->restart = INT_MAX;
        9:  821:  if ((fgetc(ifp),fgetc(ifp)) != 0xd8) return 0;
        -:  822:  do {
       10:  823:    if (!fread (data, 2, 2, ifp)) return 0;
       10:  824:    tag =  data[0] << 8 | data[1];
       10:  825:    len = (data[2] << 8 | data[3]) - 2;
       10:  826:    if (tag <= 0xff00) return 0;
       10:  827:    fread (data, 1, len, ifp);
       10:  828:    switch (tag) {
        2:  829:      case 0xffc3:
        2:  830:	jh->sraw = ((data[7] >> 4) * (data[7] & 15) - 1) & 3;
        3:  831:      case 0xffc1:
        -:  832:      case 0xffc0:
        3:  833:	jh->algo = tag & 0xff;
        3:  834:	jh->bits = data[0];
        3:  835:	jh->high = data[1] << 8 | data[2];
        3:  836:	jh->wide = data[3] << 8 | data[4];
        3:  837:	jh->clrs = data[5] + jh->sraw;
        3:  838:	if (len == 9 && !dng_version) getc(ifp);
        -:  839:	break;
        3:  840:      case 0xffc4:
        3:  841:	if (info_only) break;
        4:  842:	for (dp = data; dp < data+len && !((c = *dp++) & -20); )
        2:  843:	  jh->free[c] = jh->huff[c] = make_decoder_ref (&dp);
        -:  844:	break;
        3:  845:      case 0xffda:
        3:  846:	jh->psv = data[1+data[0]*2];
        3:  847:	jh->bits -= data[3+data[0]*2] & 15;
        3:  848:	break;
        -:  849:      case 0xffdb:
       64:  850:	FORC(64) jh->quant[c] = data[c*2+1] << 8 | data[c*2+2];
        -:  851:	break;
    #####:  852:      case 0xffdd:
    #####:  853:	jh->restart = data[0] << 8 | data[1];
        -:  854:    }
       10:  855:  } while (tag != 0xffda);
        3:  856:  if (jh->bits > 16 || jh->clrs > 6 ||
        3:  857:     !jh->bits || !jh->high || !jh->wide || !jh->clrs) return 0;
        3:  858:  if (info_only) return 1;
        1:  859:  if (!jh->huff[0]) return 0;
       19:  860:  FORC(19) if (!jh->huff[c+1]) jh->huff[c+1] = jh->huff[c];
        1:  861:  if (jh->sraw) {
    #####:  862:    FORC(4)        jh->huff[2+c] = jh->huff[1];
    #####:  863:    FORC(jh->sraw) jh->huff[1+c] = jh->huff[0];
        -:  864:  }
        1:  865:  jh->row = (ushort *) calloc (jh->wide*jh->clrs, 4);
        1:  866:  merror (jh->row, "ljpeg_start()");
        1:  867:  return zero_after_ff = 1;
        -:  868:}
        -:  869:
        1:  870:void CLASS ljpeg_end (struct jhead *jh)
        -:  871:{
        -:  872:  int c;
        1:  873:  FORC4 if (jh->free[c]) free (jh->free[c]);
        1:  874:  free (jh->row);
        1:  875:}
        -:  876:
 19152896:  877:int CLASS ljpeg_diff (ushort *huff)
        -:  878:{
        -:  879:  int len, diff;
        -:  880:
 19152896:  881:  len = gethuff(huff);
 19152896:  882:  if (len == 16 && (!dng_version || dng_version >= 0x1010000))
        -:  883:    return -32768;
 19152896:  884:  diff = getbits(len);
 19152896:  885:  if ((diff & (1 << (len-1))) == 0)
  9804713:  886:    diff -= (1 << len) - 1;
        -:  887:  return diff;
        -:  888:}
        -:  889:
     3584:  890:ushort * CLASS ljpeg_row (int jrow, struct jhead *jh)
        -:  891:{
        -:  892:  int col, c, diff, pred, spred=0;
        -:  893:  ushort mark=0, *row[3];
        -:  894:
     3584:  895:  if (jrow * jh->wide % jh->restart == 0) {
        6:  896:    FORC(6) jh->vpred[c] = 1 << (jh->bits-1);
        1:  897:    if (jrow) {
    #####:  898:      fseek (ifp, -2, SEEK_CUR);
    #####:  899:      do mark = (mark << 8) + (c = fgetc(ifp));
    #####:  900:      while (c != EOF && mark >> 4 != 0xffd);
        -:  901:    }
        -:  902:    getbits(-1);
        -:  903:  }
    10752:  904:  FORC3 row[c] = jh->row + jh->wide*jh->clrs*((jrow+c) & 1);
  9576448:  905:  for (col=0; col < jh->wide; col++)
 19152896:  906:    FORC(jh->clrs) {
 19152896:  907:      diff = ljpeg_diff (jh->huff[c]);
 19152896:  908:      if (jh->sraw && c <= jh->sraw && (col | c))
        -:  909:		    pred = spred;
 19152896:  910:      else if (col) pred = row[0][-jh->clrs];
     7168:  911:      else	    pred = (jh->vpred[c] += diff) - diff;
 38293282:  912:      if (jrow && col) switch (jh->psv) {
        -:  913:	case 1:	break;
    #####:  914:	case 2: pred = row[1][0];					break;
    #####:  915:	case 3: pred = row[1][-jh->clrs];				break;
    #####:  916:	case 4: pred = pred +   row[1][0] - row[1][-jh->clrs];		break;
    #####:  917:	case 5: pred = pred + ((row[1][0] - row[1][-jh->clrs]) >> 1);	break;
    #####:  918:	case 6: pred = row[1][0] + ((pred - row[1][-jh->clrs]) >> 1);	break;
    #####:  919:	case 7: pred = (pred + row[1][0]) >> 1;				break;
    #####:  920:	default: pred = 0;
        -:  921:      }
 19165406:  922:      if ((**row = pred + diff) >> jh->bits) derror();
 19152896:  923:      if (c <= jh->sraw) spred = **row;
 19152896:  924:      row[0]++; row[1]++;
        -:  925:    }
     3584:  926:  return row[2];
        -:  927:}
        -:  928:
        1:  929:void CLASS lossless_jpeg_load_raw()
        -:  930:{
        -:  931:  int jwide, jrow, jcol, val, jidx, i, j, row=0, col=0;
        -:  932:  struct jhead jh;
        -:  933:  ushort *rp;
        -:  934:
        1:  935:  if (!ljpeg_start (&jh, 0)) return;
        1:  936:  jwide = jh.wide * jh.clrs;
        -:  937:
     3585:  938:  for (jrow=0; jrow < jh.high; jrow++) {
     3584:  939:    rp = ljpeg_row (jrow, &jh);
     3584:  940:    if (load_flags & 1)
    #####:  941:      row = jrow & 1 ? height-1-jrow/2 : jrow/2;
 19152896:  942:    for (jcol=0; jcol < jwide; jcol++) {
 19152896:  943:      val = curve[*rp++];
 19152896:  944:      if (cr2_slice[0]) {
 19152896:  945:	jidx = jrow*jwide + jcol;
 19152896:  946:	i = jidx / (cr2_slice[1]*raw_height);
 19152896:  947:	if ((j = i >= cr2_slice[0]))
        -:  948:		 i  = cr2_slice[0];
 19152896:  949:	jidx -= i * (cr2_slice[1]*raw_height);
 19152896:  950:	row = jidx / cr2_slice[1+j];
 19152896:  951:	col = jidx % cr2_slice[1+j] + i*cr2_slice[1];
        -:  952:      }
 19152896:  953:      if (raw_width == 3984 && (col -= 2) < 0)
    #####:  954:	col += (row--,raw_width);
 19152896:  955:      if ((unsigned) row < raw_height) RAW(row,col) = val;
 19152896:  956:      if (++col >= raw_width)
     3584:  957:	col = (row++,0);
        -:  958:    }
        -:  959:  }
        1:  960:  ljpeg_end (&jh);
        -:  961:}
        -:  962:
    #####:  963:void CLASS canon_sraw_load_raw()
        -:  964:{
        -:  965:  struct jhead jh;
        -:  966:  short *rp=0, (*ip)[4];
        -:  967:  int jwide, slice, scol, ecol, row, col, jrow=0, jcol=0, pix[3], c;
    #####:  968:  int v[3]={0,0,0}, ver, hue;
        -:  969:  char *cp;
        -:  970:
    #####:  971:  if (!ljpeg_start (&jh, 0) || jh.clrs < 4) return;
    #####:  972:  jwide = (jh.wide >>= 1) * jh.clrs;
        -:  973:
    #####:  974:  for (ecol=slice=0; slice <= cr2_slice[0]; slice++) {
        -:  975:    scol = ecol;
    #####:  976:    ecol += cr2_slice[1] * 2 / jh.clrs;
    #####:  977:    if (!cr2_slice[0] || ecol > raw_width-1) ecol = raw_width & -2;
    #####:  978:    for (row=0; row < height; row += (jh.clrs >> 1) - 1) {
    #####:  979:      ip = (short (*)[4]) image + row*width;
    #####:  980:      for (col=scol; col < ecol; col+=2, jcol+=jh.clrs) {
    #####:  981:	if ((jcol %= jwide) == 0)
    #####:  982:	  rp = (short *) ljpeg_row (jrow++, &jh);
    #####:  983:	if (col >= width) continue;
    #####:  984:	FORC (jh.clrs-2)
    #####:  985:	  ip[col + (c >> 1)*width + (c & 1)][0] = rp[jcol+c];
    #####:  986:	ip[col][1] = rp[jcol+jh.clrs-2] - 16384;
    #####:  987:	ip[col][2] = rp[jcol+jh.clrs-1] - 16384;
        -:  988:      }
        -:  989:    }
        -:  990:  }
    #####:  991:  for (cp=model2; *cp && !isdigit(*cp); cp++);
    #####:  992:  sscanf (cp, "%d.%d.%d", v, v+1, v+2);
    #####:  993:  ver = (v[0]*1000 + v[1])*1000 + v[2];
    #####:  994:  hue = (jh.sraw+1) << 2;
    #####:  995:  if (unique_id >= 0x80000281 || (unique_id == 0x80000218 && ver > 1000006))
    #####:  996:    hue = jh.sraw << 1;
    #####:  997:  ip = (short (*)[4]) image;
        -:  998:  rp = ip[0];
    #####:  999:  for (row=0; row < height; row++, ip+=width) {
    #####: 1000:    if (row & (jh.sraw >> 1))
    #####: 1001:      for (col=0; col < width; col+=2)
    #####: 1002:	for (c=1; c < 3; c++)
    #####: 1003:	  if (row == height-1)
    #####: 1004:	       ip[col][c] =  ip[col-width][c];
    #####: 1005:	  else ip[col][c] = (ip[col-width][c] + ip[col+width][c] + 1) >> 1;
    #####: 1006:    for (col=1; col < width; col+=2)
    #####: 1007:      for (c=1; c < 3; c++)
    #####: 1008:	if (col == width-1)
    #####: 1009:	     ip[col][c] =  ip[col-1][c];
    #####: 1010:	else ip[col][c] = (ip[col-1][c] + ip[col+1][c] + 1) >> 1;
        -: 1011:  }
    #####: 1012:  for ( ; rp < ip[0]; rp+=4) {
    #####: 1013:    if (unique_id == 0x80000218 ||
    #####: 1014:	unique_id == 0x80000250 ||
    #####: 1015:	unique_id == 0x80000261 ||
    #####: 1016:	unique_id == 0x80000281 ||
        -: 1017:	unique_id == 0x80000287) {
    #####: 1018:      rp[1] = (rp[1] << 2) + hue;
    #####: 1019:      rp[2] = (rp[2] << 2) + hue;
    #####: 1020:      pix[0] = rp[0] + ((   50*rp[1] + 22929*rp[2]) >> 14);
    #####: 1021:      pix[1] = rp[0] + ((-5640*rp[1] - 11751*rp[2]) >> 14);
    #####: 1022:      pix[2] = rp[0] + ((29040*rp[1] -   101*rp[2]) >> 14);
        -: 1023:    } else {
    #####: 1024:      if (unique_id < 0x80000218) rp[0] -= 512;
    #####: 1025:      pix[0] = rp[0] + rp[2];
    #####: 1026:      pix[2] = rp[0] + rp[1];
    #####: 1027:      pix[1] = rp[0] + ((-778*rp[1] - (rp[2] << 11)) >> 12);
        -: 1028:    }
    #####: 1029:    FORC3 rp[c] = CLIP(pix[c] * sraw_mul[c] >> 10);
        -: 1030:  }
    #####: 1031:  ljpeg_end (&jh);
    #####: 1032:  maximum = 0x3fff;
        -: 1033:}
        -: 1034:
    #####: 1035:void CLASS adobe_copy_pixel (unsigned row, unsigned col, ushort **rp)
        -: 1036:{
        -: 1037:  int c;
        -: 1038:
    #####: 1039:  if (tiff_samples == 2 && shot_select) (*rp)++;
    #####: 1040:  if (raw_image) {
    #####: 1041:    if (row < raw_height && col < raw_width)
    #####: 1042:      RAW(row,col) = curve[**rp];
    #####: 1043:    *rp += tiff_samples;
        -: 1044:  } else {
    #####: 1045:    if (row < height && col < width)
    #####: 1046:      FORC(tiff_samples)
    #####: 1047:	image[row*width+col][c] = curve[(*rp)[c]];
    #####: 1048:    *rp += tiff_samples;
        -: 1049:  }
    #####: 1050:  if (tiff_samples == 2 && shot_select) (*rp)--;
    #####: 1051:}
        -: 1052:
    #####: 1053:void CLASS ljpeg_idct (struct jhead *jh)
        -: 1054:{
        -: 1055:  int c, i, j, len, skip, coef;
        -: 1056:  float work[3][8][8];
        -: 1057:  static float cs[106] = { 0 };
        -: 1058:  static const uchar zigzag[80] =
        -: 1059:  {  0, 1, 8,16, 9, 2, 3,10,17,24,32,25,18,11, 4, 5,12,19,26,33,
        -: 1060:    40,48,41,34,27,20,13, 6, 7,14,21,28,35,42,49,56,57,50,43,36,
        -: 1061:    29,22,15,23,30,37,44,51,58,59,52,45,38,31,39,46,53,60,61,54,
        -: 1062:    47,55,62,63,63,63,63,63,63,63,63,63,63,63,63,63,63,63,63,63 };
        -: 1063:
    #####: 1064:  if (!cs[0])
    #####: 1065:    FORC(106) cs[c] = cos((c & 31)*M_PI/16)/2;
    #####: 1066:  memset (work, 0, sizeof work);
    #####: 1067:  work[0][0][0] = jh->vpred[0] += ljpeg_diff (jh->huff[0]) * jh->quant[0];
    #####: 1068:  for (i=1; i < 64; i++ ) {
    #####: 1069:    len = gethuff (jh->huff[16]);
    #####: 1070:    i += skip = len >> 4;
    #####: 1071:    if (!(len &= 15) && skip < 15) break;
    #####: 1072:    coef = getbits(len);
    #####: 1073:    if ((coef & (1 << (len-1))) == 0)
    #####: 1074:      coef -= (1 << len) - 1;
    #####: 1075:    ((float *)work)[zigzag[i]] = coef * jh->quant[i];
        -: 1076:  }
    #####: 1077:  FORC(8) work[0][0][c] *= M_SQRT1_2;
    #####: 1078:  FORC(8) work[0][c][0] *= M_SQRT1_2;
    #####: 1079:  for (i=0; i < 8; i++)
    #####: 1080:    for (j=0; j < 8; j++)
    #####: 1081:      FORC(8) work[1][i][j] += work[0][i][c] * cs[(j*2+1)*c];
    #####: 1082:  for (i=0; i < 8; i++)
    #####: 1083:    for (j=0; j < 8; j++)
    #####: 1084:      FORC(8) work[2][i][j] += work[1][c][j] * cs[(i*2+1)*c];
        -: 1085:
    #####: 1086:  FORC(64) jh->idct[c] = CLIP(((float *)work[2])[c]+0.5);
    #####: 1087:}
        -: 1088:
    #####: 1089:void CLASS lossless_dng_load_raw()
        -: 1090:{
        -: 1091:  unsigned save, trow=0, tcol=0, jwide, jrow, jcol, row, col, i, j;
        -: 1092:  struct jhead jh;
        -: 1093:  ushort *rp;
        -: 1094:
    #####: 1095:  while (trow < raw_height) {
    #####: 1096:    save = ftell(ifp);
    #####: 1097:    if (tile_length < INT_MAX)
    #####: 1098:      fseek (ifp, get4(), SEEK_SET);
    #####: 1099:    if (!ljpeg_start (&jh, 0)) break;
    #####: 1100:    jwide = jh.wide;
    #####: 1101:    if (filters) jwide *= jh.clrs;
    #####: 1102:    jwide /= MIN (is_raw, tiff_samples);
    #####: 1103:    switch (jh.algo) {
    #####: 1104:      case 0xc1:
    #####: 1105:	jh.vpred[0] = 16384;
        -: 1106:	getbits(-1);
    #####: 1107:	for (jrow=0; jrow+7 < jh.high; jrow += 8) {
    #####: 1108:	  for (jcol=0; jcol+7 < jh.wide; jcol += 8) {
    #####: 1109:	    ljpeg_idct (&jh);
    #####: 1110:	    rp = jh.idct;
    #####: 1111:	    row = trow + jcol/tile_width + jrow*2;
    #####: 1112:	    col = tcol + jcol%tile_width;
    #####: 1113:	    for (i=0; i < 16; i+=2)
    #####: 1114:	      for (j=0; j < 8; j++)
    #####: 1115:		adobe_copy_pixel (row+i, col+j, &rp);
        -: 1116:	  }
        -: 1117:	}
        -: 1118:	break;
        -: 1119:      case 0xc3:
    #####: 1120:	for (row=col=jrow=0; jrow < jh.high; jrow++) {
    #####: 1121:	  rp = ljpeg_row (jrow, &jh);
    #####: 1122:	  for (jcol=0; jcol < jwide; jcol++) {
    #####: 1123:	    adobe_copy_pixel (trow+row, tcol+col, &rp);
    #####: 1124:	    if (++col >= tile_width || col >= raw_width)
    #####: 1125:	      row += 1 + (col = 0);
        -: 1126:	  }
        -: 1127:	}
        -: 1128:    }
    #####: 1129:    fseek (ifp, save+4, SEEK_SET);
    #####: 1130:    if ((tcol += tile_width) >= raw_width)
    #####: 1131:      trow += tile_length + (tcol = 0);
    #####: 1132:    ljpeg_end (&jh);
        -: 1133:  }
    #####: 1134:}
        -: 1135:
    #####: 1136:void CLASS packed_dng_load_raw()
        -: 1137:{
        -: 1138:  ushort *pixel, *rp;
        -: 1139:  int row, col;
        -: 1140:
    #####: 1141:  pixel = (ushort *) calloc (raw_width, tiff_samples*sizeof *pixel);
    #####: 1142:  merror (pixel, "packed_dng_load_raw()");
    #####: 1143:  for (row=0; row < raw_height; row++) {
    #####: 1144:    if (tiff_bps == 16)
    #####: 1145:      read_shorts (pixel, raw_width * tiff_samples);
        -: 1146:    else {
        -: 1147:      getbits(-1);
    #####: 1148:      for (col=0; col < raw_width * tiff_samples; col++)
    #####: 1149:	pixel[col] = getbits(tiff_bps);
        -: 1150:    }
    #####: 1151:    for (rp=pixel, col=0; col < raw_width; col++)
    #####: 1152:      adobe_copy_pixel (row, col, &rp);
        -: 1153:  }
    #####: 1154:  free (pixel);
    #####: 1155:}
        -: 1156:
    #####: 1157:void CLASS pentax_load_raw()
        -: 1158:{
        -: 1159:  ushort bit[2][15], huff[4097];
        -: 1160:  int dep, row, col, diff, c, i;
    #####: 1161:  ushort vpred[2][2] = {{0,0},{0,0}}, hpred[2];
        -: 1162:
    #####: 1163:  fseek (ifp, meta_offset, SEEK_SET);
    #####: 1164:  dep = (get2() + 12) & 15;
    #####: 1165:  fseek (ifp, 12, SEEK_CUR);
    #####: 1166:  FORC(dep) bit[0][c] = get2();
    #####: 1167:  FORC(dep) bit[1][c] = fgetc(ifp);
    #####: 1168:  FORC(dep)
    #####: 1169:    for (i=bit[0][c]; i <= ((bit[0][c]+(4096 >> bit[1][c])-1) & 4095); )
    #####: 1170:      huff[++i] = bit[1][c] << 8 | c;
    #####: 1171:  huff[0] = 12;
    #####: 1172:  fseek (ifp, data_offset, SEEK_SET);
        -: 1173:  getbits(-1);
    #####: 1174:  for (row=0; row < raw_height; row++)
    #####: 1175:    for (col=0; col < raw_width; col++) {
    #####: 1176:      diff = ljpeg_diff (huff);
    #####: 1177:      if (col < 2) hpred[col] = vpred[row & 1][col] += diff;
    #####: 1178:      else	   hpred[col & 1] += diff;
    #####: 1179:      RAW(row,col) = hpred[col & 1];
    #####: 1180:      if (hpred[col & 1] >> tiff_bps) derror();
        -: 1181:    }
    #####: 1182:}
        -: 1183:
    #####: 1184:void CLASS nikon_load_raw()
        -: 1185:{
        -: 1186:  static const uchar nikon_tree[][32] = {
        -: 1187:    { 0,1,5,1,1,1,1,1,1,2,0,0,0,0,0,0,	/* 12-bit lossy */
        -: 1188:      5,4,3,6,2,7,1,0,8,9,11,10,12 },
        -: 1189:    { 0,1,5,1,1,1,1,1,1,2,0,0,0,0,0,0,	/* 12-bit lossy after split */
        -: 1190:      0x39,0x5a,0x38,0x27,0x16,5,4,3,2,1,0,11,12,12 },
        -: 1191:    { 0,1,4,2,3,1,2,0,0,0,0,0,0,0,0,0,  /* 12-bit lossless */
        -: 1192:      5,4,6,3,7,2,8,1,9,0,10,11,12 },
        -: 1193:    { 0,1,4,3,1,1,1,1,1,2,0,0,0,0,0,0,	/* 14-bit lossy */
        -: 1194:      5,6,4,7,8,3,9,2,1,0,10,11,12,13,14 },
        -: 1195:    { 0,1,5,1,1,1,1,1,1,1,2,0,0,0,0,0,	/* 14-bit lossy after split */
        -: 1196:      8,0x5c,0x4b,0x3a,0x29,7,6,5,4,3,2,1,0,13,14 },
        -: 1197:    { 0,1,4,2,2,3,1,2,0,0,0,0,0,0,0,0,	/* 14-bit lossless */
        -: 1198:      7,6,8,5,9,4,10,3,11,12,2,0,1,13,14 } };
        -: 1199:  ushort *huff, ver0, ver1, vpred[2][2], hpred[2], csize;
        -: 1200:  int i, min, max, step=0, tree=0, split=0, row, col, len, shl, diff;
        -: 1201:
    #####: 1202:  fseek (ifp, meta_offset, SEEK_SET);
    #####: 1203:  ver0 = fgetc(ifp);
    #####: 1204:  ver1 = fgetc(ifp);
    #####: 1205:  if (ver0 == 0x49 || ver1 == 0x58)
    #####: 1206:    fseek (ifp, 2110, SEEK_CUR);
    #####: 1207:  if (ver0 == 0x46) tree = 2;
    #####: 1208:  if (tiff_bps == 14) tree += 3;
    #####: 1209:  read_shorts (vpred[0], 4);
    #####: 1210:  max = 1 << tiff_bps & 0x7fff;
    #####: 1211:  if ((csize = get2()) > 1)
    #####: 1212:    step = max / (csize-1);
    #####: 1213:  if (ver0 == 0x44 && ver1 == 0x20 && step > 0) {
    #####: 1214:    for (i=0; i < csize; i++)
    #####: 1215:      curve[i*step] = get2();
    #####: 1216:    for (i=0; i < max; i++)
    #####: 1217:      curve[i] = ( curve[i-i%step]*(step-i%step) +
    #####: 1218:		   curve[i-i%step+step]*(i%step) ) / step;
    #####: 1219:    fseek (ifp, meta_offset+562, SEEK_SET);
    #####: 1220:    split = get2();
    #####: 1221:  } else if (ver0 != 0x46 && csize <= 0x4001)
    #####: 1222:    read_shorts (curve, max=csize);
    #####: 1223:  while (curve[max-2] == curve[max-1]) max--;
    #####: 1224:  huff = make_decoder (nikon_tree[tree]);
    #####: 1225:  fseek (ifp, data_offset, SEEK_SET);
        -: 1226:  getbits(-1);
    #####: 1227:  for (min=row=0; row < height; row++) {
    #####: 1228:    if (split && row == split) {
    #####: 1229:      free (huff);
    #####: 1230:      huff = make_decoder (nikon_tree[tree+1]);
    #####: 1231:      max += (min = 16) << 1;
        -: 1232:    }
    #####: 1233:    for (col=0; col < raw_width; col++) {
    #####: 1234:      i = gethuff(huff);
    #####: 1235:      len = i & 15;
    #####: 1236:      shl = i >> 4;
    #####: 1237:      diff = ((getbits(len-shl) << 1) + 1) << shl >> 1;
    #####: 1238:      if ((diff & (1 << (len-1))) == 0)
    #####: 1239:	diff -= (1 << len) - !shl;
    #####: 1240:      if (col < 2) hpred[col] = vpred[row & 1][col] += diff;
    #####: 1241:      else	   hpred[col & 1] += diff;
    #####: 1242:      if ((ushort)(hpred[col & 1] + min) >= max) derror();
    #####: 1243:      RAW(row,col) = curve[LIM((short)hpred[col & 1],0,0x3fff)];
        -: 1244:    }
        -: 1245:  }
    #####: 1246:  free (huff);
    #####: 1247:}
        -: 1248:
    #####: 1249:void CLASS nikon_yuv_load_raw()
        -: 1250:{
        -: 1251:  int row, col, yuv[4], rgb[3], b, c;
        -: 1252:  UINT64 bitbuf=0;
        -: 1253:
    #####: 1254:  for (row=0; row < raw_height; row++)
    #####: 1255:    for (col=0; col < raw_width; col++) {
    #####: 1256:      if (!(b = col & 1)) {
        -: 1257:	bitbuf = 0;
    #####: 1258:	FORC(6) bitbuf |= (UINT64) fgetc(ifp) << c*8;
    #####: 1259:	FORC(4) yuv[c] = (bitbuf >> c*12 & 0xfff) - (c >> 1 << 11);
        -: 1260:      }
    #####: 1261:      rgb[0] = yuv[b] + 1.370705*yuv[3];
    #####: 1262:      rgb[1] = yuv[b] - 0.337633*yuv[2] - 0.698001*yuv[3];
    #####: 1263:      rgb[2] = yuv[b] + 1.732446*yuv[2];
    #####: 1264:      FORC3 image[row*width+col][c] = curve[LIM(rgb[c],0,0xfff)] / cam_mul[c];
        -: 1265:    }
    #####: 1266:}
        -: 1267:
        -: 1268:/*
        -: 1269:   Returns 1 for a Coolpix 995, 0 for anything else.
        -: 1270: */
    #####: 1271:int CLASS nikon_e995()
        -: 1272:{
        -: 1273:  int i, histo[256];
    #####: 1274:  const uchar often[] = { 0x00, 0x55, 0xaa, 0xff };
        -: 1275:
    #####: 1276:  memset (histo, 0, sizeof histo);
    #####: 1277:  fseek (ifp, -2000, SEEK_END);
    #####: 1278:  for (i=0; i < 2000; i++)
    #####: 1279:    histo[fgetc(ifp)]++;
    #####: 1280:  for (i=0; i < 4; i++)
    #####: 1281:    if (histo[often[i]] < 200)
        -: 1282:      return 0;
        -: 1283:  return 1;
        -: 1284:}
        -: 1285:
        -: 1286:/*
        -: 1287:   Returns 1 for a Coolpix 2100, 0 for anything else.
        -: 1288: */
    #####: 1289:int CLASS nikon_e2100()
        -: 1290:{
        -: 1291:  uchar t[12];
        -: 1292:  int i;
        -: 1293:
    #####: 1294:  fseek (ifp, 0, SEEK_SET);
    #####: 1295:  for (i=0; i < 1024; i++) {
    #####: 1296:    fread (t, 1, 12, ifp);
    #####: 1297:    if (((t[2] & t[4] & t[7] & t[9]) >> 4
    #####: 1298:	& t[1] & t[6] & t[8] & t[11] & 3) != 3)
        -: 1299:      return 0;
        -: 1300:  }
        -: 1301:  return 1;
        -: 1302:}
        -: 1303:
    #####: 1304:void CLASS nikon_3700()
        -: 1305:{
        -: 1306:  int bits, i;
        -: 1307:  uchar dp[24];
        -: 1308:  static const struct {
        -: 1309:    int bits;
        -: 1310:    char make[12], model[15];
        -: 1311:  } table[] = {
        -: 1312:    { 0x00, "Pentax",  "Optio 33WR" },
        -: 1313:    { 0x03, "Nikon",   "E3200" },
        -: 1314:    { 0x32, "Nikon",   "E3700" },
        -: 1315:    { 0x33, "Olympus", "C740UZ" } };
        -: 1316:
    #####: 1317:  fseek (ifp, 3072, SEEK_SET);
    #####: 1318:  fread (dp, 1, 24, ifp);
    #####: 1319:  bits = (dp[8] & 3) << 4 | (dp[20] & 3);
    #####: 1320:  for (i=0; i < sizeof table / sizeof *table; i++)
    #####: 1321:    if (bits == table[i].bits) {
    #####: 1322:      strcpy (make,  table[i].make );
    #####: 1323:      strcpy (model, table[i].model);
        -: 1324:    }
    #####: 1325:}
        -: 1326:
        -: 1327:/*
        -: 1328:   Separates a Minolta DiMAGE Z2 from a Nikon E4300.
        -: 1329: */
    #####: 1330:int CLASS minolta_z2()
        -: 1331:{
        -: 1332:  int i, nz;
        -: 1333:  char tail[424];
        -: 1334:
    #####: 1335:  fseek (ifp, -sizeof tail, SEEK_END);
    #####: 1336:  fread (tail, 1, sizeof tail, ifp);
    #####: 1337:  for (nz=i=0; i < sizeof tail; i++)
    #####: 1338:    if (tail[i]) nz++;
    #####: 1339:  return nz > 20;
        -: 1340:}
        -: 1341:
        -: 1342:void CLASS jpeg_thumb();
        -: 1343:
    #####: 1344:void CLASS ppm_thumb()
        -: 1345:{
        -: 1346:  char *thumb;
    #####: 1347:  thumb_length = thumb_width*thumb_height*3;
    #####: 1348:  thumb = (char *) malloc (thumb_length);
    #####: 1349:  merror (thumb, "ppm_thumb()");
    #####: 1350:  fprintf (ofp, "P6\n%d %d\n255\n", thumb_width, thumb_height);
    #####: 1351:  fread  (thumb, 1, thumb_length, ifp);
    #####: 1352:  fwrite (thumb, 1, thumb_length, ofp);
    #####: 1353:  free (thumb);
    #####: 1354:}
        -: 1355:
    #####: 1356:void CLASS ppm16_thumb()
        -: 1357:{
        -: 1358:  int i;
        -: 1359:  char *thumb;
    #####: 1360:  thumb_length = thumb_width*thumb_height*3;
    #####: 1361:  thumb = (char *) calloc (thumb_length, 2);
    #####: 1362:  merror (thumb, "ppm16_thumb()");
    #####: 1363:  read_shorts ((ushort *) thumb, thumb_length);
    #####: 1364:  for (i=0; i < thumb_length; i++)
    #####: 1365:    thumb[i] = ((ushort *) thumb)[i] >> 8;
    #####: 1366:  fprintf (ofp, "P6\n%d %d\n255\n", thumb_width, thumb_height);
    #####: 1367:  fwrite (thumb, 1, thumb_length, ofp);
    #####: 1368:  free (thumb);
    #####: 1369:}
        -: 1370:
    #####: 1371:void CLASS layer_thumb()
        -: 1372:{
        -: 1373:  int i, c;
    #####: 1374:  char *thumb, map[][4] = { "012","102" };
        -: 1375:
    #####: 1376:  colors = thumb_misc >> 5 & 7;
    #####: 1377:  thumb_length = thumb_width*thumb_height;
    #####: 1378:  thumb = (char *) calloc (colors, thumb_length);
    #####: 1379:  merror (thumb, "layer_thumb()");
    #####: 1380:  fprintf (ofp, "P%d\n%d %d\n255\n",
    #####: 1381:	5 + (colors >> 1), thumb_width, thumb_height);
    #####: 1382:  fread (thumb, thumb_length, colors, ifp);
    #####: 1383:  for (i=0; i < thumb_length; i++)
    #####: 1384:    FORCC putc (thumb[i+thumb_length*(map[thumb_misc >> 8][c]-'0')], ofp);
    #####: 1385:  free (thumb);
    #####: 1386:}
        -: 1387:
    #####: 1388:void CLASS rollei_thumb()
        -: 1389:{
        -: 1390:  unsigned i;
        -: 1391:  ushort *thumb;
        -: 1392:
    #####: 1393:  thumb_length = thumb_width * thumb_height;
    #####: 1394:  thumb = (ushort *) calloc (thumb_length, 2);
    #####: 1395:  merror (thumb, "rollei_thumb()");
    #####: 1396:  fprintf (ofp, "P6\n%d %d\n255\n", thumb_width, thumb_height);
    #####: 1397:  read_shorts (thumb, thumb_length);
    #####: 1398:  for (i=0; i < thumb_length; i++) {
    #####: 1399:    putc (thumb[i] << 3, ofp);
    #####: 1400:    putc (thumb[i] >> 5  << 2, ofp);
    #####: 1401:    putc (thumb[i] >> 11 << 3, ofp);
        -: 1402:  }
    #####: 1403:  free (thumb);
    #####: 1404:}
        -: 1405:
    #####: 1406:void CLASS rollei_load_raw()
        -: 1407:{
        -: 1408:  uchar pixel[10];
        -: 1409:  unsigned iten=0, isix, i, buffer=0, todo[16];
        -: 1410:
    #####: 1411:  isix = raw_width * raw_height * 5 / 8;
    #####: 1412:  while (fread (pixel, 1, 10, ifp) == 10) {
    #####: 1413:    for (i=0; i < 10; i+=2) {
    #####: 1414:      todo[i]   = iten++;
    #####: 1415:      todo[i+1] = pixel[i] << 8 | pixel[i+1];
    #####: 1416:      buffer    = pixel[i] >> 2 | buffer << 6;
        -: 1417:    }
    #####: 1418:    for (   ; i < 16; i+=2) {
    #####: 1419:      todo[i]   = isix++;
    #####: 1420:      todo[i+1] = buffer >> (14-i)*5;
        -: 1421:    }
    #####: 1422:    for (i=0; i < 16; i+=2)
    #####: 1423:      raw_image[todo[i]] = (todo[i+1] & 0x3ff);
        -: 1424:  }
    #####: 1425:  maximum = 0x3ff;
    #####: 1426:}
        -: 1427:
    #####: 1428:int CLASS raw (unsigned row, unsigned col)
        -: 1429:{
    #####: 1430:  return (row < raw_height && col < raw_width) ? RAW(row,col) : 0;
        -: 1431:}
        -: 1432:
    #####: 1433:void CLASS phase_one_flat_field (int is_float, int nc)
        -: 1434:{
        -: 1435:  ushort head[8];
        -: 1436:  unsigned wide, high, y, x, c, rend, cend, row, col;
        -: 1437:  float *mrow, num, mult[4];
        -: 1438:
    #####: 1439:  read_shorts (head, 8);
    #####: 1440:  if (head[2] * head[3] * head[4] * head[5] == 0) return;
    #####: 1441:  wide = head[2] / head[4] + (head[2] % head[4] != 0);
    #####: 1442:  high = head[3] / head[5] + (head[3] % head[5] != 0);
    #####: 1443:  mrow = (float *) calloc (nc*wide, sizeof *mrow);
    #####: 1444:  merror (mrow, "phase_one_flat_field()");
    #####: 1445:  for (y=0; y < high; y++) {
    #####: 1446:    for (x=0; x < wide; x++)
    #####: 1447:      for (c=0; c < nc; c+=2) {
    #####: 1448:	num = is_float ? getreal(11) : get2()/32768.0;
    #####: 1449:	if (y==0) mrow[c*wide+x] = num;
    #####: 1450:	else mrow[(c+1)*wide+x] = (num - mrow[c*wide+x]) / head[5];
        -: 1451:      }
    #####: 1452:    if (y==0) continue;
    #####: 1453:    rend = head[1] + y*head[5];
    #####: 1454:    for (row = rend-head[5];
    #####: 1455:	 row < raw_height && row < rend &&
    #####: 1456:	 row < head[1]+head[3]-head[5]; row++) {
    #####: 1457:      for (x=1; x < wide; x++) {
    #####: 1458:	for (c=0; c < nc; c+=2) {
    #####: 1459:	  mult[c] = mrow[c*wide+x-1];
    #####: 1460:	  mult[c+1] = (mrow[c*wide+x] - mult[c]) / head[4];
        -: 1461:	}
    #####: 1462:	cend = head[0] + x*head[4];
    #####: 1463:	for (col = cend-head[4];
    #####: 1464:	     col < raw_width &&
    #####: 1465:	     col < cend && col < head[0]+head[2]-head[4]; col++) {
    #####: 1466:	  c = nc > 2 ? FC(row-top_margin,col-left_margin) : 0;
    #####: 1467:	  if (!(c & 1)) {
    #####: 1468:	    c = RAW(row,col) * mult[c];
    #####: 1469:	    RAW(row,col) = LIM(c,0,65535);
        -: 1470:	  }
    #####: 1471:	  for (c=0; c < nc; c+=2)
    #####: 1472:	    mult[c] += mult[c+1];
        -: 1473:	}
        -: 1474:      }
    #####: 1475:      for (x=0; x < wide; x++)
    #####: 1476:	for (c=0; c < nc; c+=2)
    #####: 1477:	  mrow[c*wide+x] += mrow[(c+1)*wide+x];
        -: 1478:    }
        -: 1479:  }
    #####: 1480:  free (mrow);
        -: 1481:}
        -: 1482:
    #####: 1483:void CLASS phase_one_correct()
        -: 1484:{
        -: 1485:  unsigned entries, tag, data, save, col, row, type;
        -: 1486:  int len, i, j, k, cip, val[4], dev[4], sum, max;
        -: 1487:  int head[9], diff, mindiff=INT_MAX, off_412=0;
        -: 1488:  static const signed char dir[12][2] =
        -: 1489:    { {-1,-1}, {-1,1}, {1,-1}, {1,1}, {-2,0}, {0,-2}, {0,2}, {2,0},
        -: 1490:      {-2,-2}, {-2,2}, {2,-2}, {2,2} };
        -: 1491:  float poly[8], num, cfrac, frac, mult[2], *yval[2];
        -: 1492:  ushort *xval[2];
        -: 1493:  int qmult_applied = 0, qlin_applied = 0;
        -: 1494:
    #####: 1495:  if (half_size || !meta_length) return;
    #####: 1496:  if (verbose) fprintf (stderr,_("Phase One correction...\n"));
    #####: 1497:  fseek (ifp, meta_offset, SEEK_SET);
    #####: 1498:  order = get2();
    #####: 1499:  fseek (ifp, 6, SEEK_CUR);
    #####: 1500:  fseek (ifp, meta_offset+get4(), SEEK_SET);
    #####: 1501:  entries = get4();  get4();
    #####: 1502:  while (entries--) {
    #####: 1503:    tag  = get4();
    #####: 1504:    len  = get4();
    #####: 1505:    data = get4();
    #####: 1506:    save = ftell(ifp);
    #####: 1507:    fseek (ifp, meta_offset+data, SEEK_SET);
    #####: 1508:    if (tag == 0x419) {				/* Polynomial curve */
    #####: 1509:      for (get4(), i=0; i < 8; i++)
    #####: 1510:	poly[i] = getreal(11);
    #####: 1511:      poly[3] += (ph1.tag_210 - poly[7]) * poly[6] + 1;
    #####: 1512:      for (i=0; i < 0x10000; i++) {
    #####: 1513:	num = (poly[5]*i + poly[3])*i + poly[1];
    #####: 1514:	curve[i] = LIM(num,0,65535);
        -: 1515:      } goto apply;				/* apply to right half */
    #####: 1516:    } else if (tag == 0x41a) {			/* Polynomial curve */
    #####: 1517:      for (i=0; i < 4; i++)
    #####: 1518:	poly[i] = getreal(11);
    #####: 1519:      for (i=0; i < 0x10000; i++) {
    #####: 1520:	for (num=0, j=4; j--; )
    #####: 1521:	  num = num * i + poly[j];
    #####: 1522:	curve[i] = LIM(num+i,0,65535);
    #####: 1523:      } apply:					/* apply to whole image */
    #####: 1524:      for (row=0; row < raw_height; row++)
    #####: 1525:	for (col = (tag & 1)*ph1.split_col; col < raw_width; col++)
    #####: 1526:	  RAW(row,col) = curve[RAW(row,col)];
    #####: 1527:    } else if (tag == 0x400) {			/* Sensor defects */
    #####: 1528:      while ((len -= 8) >= 0) {
    #####: 1529:	col  = get2();
    #####: 1530:	row  = get2();
    #####: 1531:	type = get2(); get2();
    #####: 1532:	if (col >= raw_width) continue;
    #####: 1533:	if (type == 131 || type == 137)		/* Bad column */
    #####: 1534:	  for (row=0; row < raw_height; row++)
    #####: 1535:	    if (FC(row-top_margin,col-left_margin) == 1) {
    #####: 1536:	      for (sum=i=0; i < 4; i++)
    #####: 1537:		sum += val[i] = raw (row+dir[i][0], col+dir[i][1]);
    #####: 1538:	      for (max=i=0; i < 4; i++) {
    #####: 1539:		dev[i] = abs((val[i] << 2) - sum);
    #####: 1540:		if (dev[max] < dev[i]) max = i;
        -: 1541:	      }
    #####: 1542:	      RAW(row,col) = (sum - val[max])/3.0 + 0.5;
        -: 1543:	    } else {
    #####: 1544:	      for (sum=0, i=8; i < 12; i++)
    #####: 1545:		sum += raw (row+dir[i][0], col+dir[i][1]);
    #####: 1546:	      RAW(row,col) = 0.5 + sum * 0.0732233 +
    #####: 1547:		(raw(row,col-2) + raw(row,col+2)) * 0.3535534;
        -: 1548:	    }
    #####: 1549:	else if (type == 129) {			/* Bad pixel */
    #####: 1550:	  if (row >= raw_height) continue;
    #####: 1551:	  j = (FC(row-top_margin,col-left_margin) != 1) * 4;
    #####: 1552:	  for (sum=0, i=j; i < j+8; i++)
    #####: 1553:	    sum += raw (row+dir[i][0], col+dir[i][1]);
    #####: 1554:	  RAW(row,col) = (sum + 4) >> 3;
        -: 1555:	}
        -: 1556:      }
    #####: 1557:    } else if (tag == 0x401) {			/* All-color flat fields */
    #####: 1558:      phase_one_flat_field (1, 2);
    #####: 1559:    } else if (tag == 0x416 || tag == 0x410) {
    #####: 1560:      phase_one_flat_field (0, 2);
    #####: 1561:    } else if (tag == 0x40b) {			/* Red+blue flat field */
    #####: 1562:      phase_one_flat_field (0, 4);
    #####: 1563:    } else if (tag == 0x412) {
    #####: 1564:      fseek (ifp, 36, SEEK_CUR);
    #####: 1565:      diff = abs (get2() - ph1.tag_21a);
    #####: 1566:      if (mindiff > diff) {
        -: 1567:	mindiff = diff;
    #####: 1568:	off_412 = ftell(ifp) - 38;
        -: 1569:      }
    #####: 1570:    } else if (tag == 0x41f && !qlin_applied) { /* Quadrant linearization */
        -: 1571:      ushort lc[2][2][16], ref[16];
        -: 1572:      int qr, qc;
    #####: 1573:      for (qr = 0; qr < 2; qr++)
    #####: 1574:	for (qc = 0; qc < 2; qc++)
    #####: 1575:	  for (i = 0; i < 16; i++)
    #####: 1576:	    lc[qr][qc][i] = get4();
    #####: 1577:      for (i = 0; i < 16; i++) {
        -: 1578:	int v = 0;
    #####: 1579:	for (qr = 0; qr < 2; qr++)
    #####: 1580:	  for (qc = 0; qc < 2; qc++)
    #####: 1581:	    v += lc[qr][qc][i];
    #####: 1582:	ref[i] = (v + 2) >> 2;
        -: 1583:      }
    #####: 1584:      for (qr = 0; qr < 2; qr++) {
    #####: 1585:	for (qc = 0; qc < 2; qc++) {
        -: 1586:	  int cx[19], cf[19];
    #####: 1587:	  for (i = 0; i < 16; i++) {
    #####: 1588:	    cx[1+i] = lc[qr][qc][i];
    #####: 1589:	    cf[1+i] = ref[i];
        -: 1590:	  }
    #####: 1591:	  cx[0] = cf[0] = 0;
    #####: 1592:	  cx[17] = cf[17] = ((unsigned) ref[15] * 65535) / lc[qr][qc][15];
    #####: 1593:	  cx[18] = cf[18] = 65535;
    #####: 1594:	  cubic_spline(cx, cf, 19);
    #####: 1595:	  for (row = (qr ? ph1.split_row : 0);
    #####: 1596:	       row < (qr ? raw_height : ph1.split_row); row++)
    #####: 1597:	    for (col = (qc ? ph1.split_col : 0);
    #####: 1598:		 col < (qc ? raw_width : ph1.split_col); col++)
    #####: 1599:	      RAW(row,col) = curve[RAW(row,col)];
        -: 1600:	}
        -: 1601:      }
        -: 1602:      qlin_applied = 1;
    #####: 1603:    } else if (tag == 0x41e && !qmult_applied) { /* Quadrant multipliers */
        -: 1604:      float qmult[2][2] = { { 1, 1 }, { 1, 1 } };
    #####: 1605:      get4(); get4(); get4(); get4();
    #####: 1606:      qmult[0][0] = 1.0 + getreal(11);
    #####: 1607:      get4(); get4(); get4(); get4(); get4();
    #####: 1608:      qmult[0][1] = 1.0 + getreal(11);
    #####: 1609:      get4(); get4(); get4();
    #####: 1610:      qmult[1][0] = 1.0 + getreal(11);
    #####: 1611:      get4(); get4(); get4();
    #####: 1612:      qmult[1][1] = 1.0 + getreal(11);
    #####: 1613:      for (row=0; row < raw_height; row++)
    #####: 1614:	for (col=0; col < raw_width; col++) {
    #####: 1615:	  i = qmult[row >= ph1.split_row][col >= ph1.split_col] * RAW(row,col);
    #####: 1616:	  RAW(row,col) = LIM(i,0,65535);
        -: 1617:	}
        -: 1618:      qmult_applied = 1;
    #####: 1619:    } else if (tag == 0x431 && !qmult_applied) { /* Quadrant combined */
        -: 1620:      ushort lc[2][2][7], ref[7];
        -: 1621:      int qr, qc;
    #####: 1622:      for (i = 0; i < 7; i++)
    #####: 1623:	ref[i] = get4();
    #####: 1624:      for (qr = 0; qr < 2; qr++)
    #####: 1625:	for (qc = 0; qc < 2; qc++)
    #####: 1626:	  for (i = 0; i < 7; i++)
    #####: 1627:	    lc[qr][qc][i] = get4();
    #####: 1628:      for (qr = 0; qr < 2; qr++) {
    #####: 1629:	for (qc = 0; qc < 2; qc++) {
        -: 1630:	  int cx[9], cf[9];
    #####: 1631:	  for (i = 0; i < 7; i++) {
    #####: 1632:	    cx[1+i] = ref[i];
    #####: 1633:	    cf[1+i] = ((unsigned) ref[i] * lc[qr][qc][i]) / 10000;
        -: 1634:	  }
    #####: 1635:	  cx[0] = cf[0] = 0;
    #####: 1636:	  cx[8] = cf[8] = 65535;
    #####: 1637:	  cubic_spline(cx, cf, 9);
    #####: 1638:	  for (row = (qr ? ph1.split_row : 0);
    #####: 1639:	       row < (qr ? raw_height : ph1.split_row); row++)
    #####: 1640:	    for (col = (qc ? ph1.split_col : 0);
    #####: 1641:		 col < (qc ? raw_width : ph1.split_col); col++)
    #####: 1642:	      RAW(row,col) = curve[RAW(row,col)];
        -: 1643:        }
        -: 1644:      }
        -: 1645:      qmult_applied = 1;
        -: 1646:      qlin_applied = 1;
        -: 1647:    }
    #####: 1648:    fseek (ifp, save, SEEK_SET);
        -: 1649:  }
    #####: 1650:  if (off_412) {
    #####: 1651:    fseek (ifp, off_412, SEEK_SET);
    #####: 1652:    for (i=0; i < 9; i++) head[i] = get4() & 0x7fff;
    #####: 1653:    yval[0] = (float *) calloc (head[1]*head[3] + head[2]*head[4], 6);
    #####: 1654:    merror (yval[0], "phase_one_correct()");
    #####: 1655:    yval[1] = (float  *) (yval[0] + head[1]*head[3]);
    #####: 1656:    xval[0] = (ushort *) (yval[1] + head[2]*head[4]);
    #####: 1657:    xval[1] = (ushort *) (xval[0] + head[1]*head[3]);
    #####: 1658:    get2();
    #####: 1659:    for (i=0; i < 2; i++)
    #####: 1660:      for (j=0; j < head[i+1]*head[i+3]; j++)
    #####: 1661:	yval[i][j] = getreal(11);
    #####: 1662:    for (i=0; i < 2; i++)
    #####: 1663:      for (j=0; j < head[i+1]*head[i+3]; j++)
    #####: 1664:	xval[i][j] = get2();
    #####: 1665:    for (row=0; row < raw_height; row++)
    #####: 1666:      for (col=0; col < raw_width; col++) {
    #####: 1667:	cfrac = (float) col * head[3] / raw_width;
    #####: 1668:	cfrac -= cip = cfrac;
    #####: 1669:	num = RAW(row,col) * 0.5;
    #####: 1670:	for (i=cip; i < cip+2; i++) {
    #####: 1671:	  for (k=j=0; j < head[1]; j++)
    #####: 1672:	    if (num < xval[0][k = head[1]*i+j]) break;
    #####: 1673:	  frac = (j == 0 || j == head[1]) ? 0 :
    #####: 1674:		(xval[0][k] - num) / (xval[0][k] - xval[0][k-1]);
    #####: 1675:	  mult[i-cip] = yval[0][k-1] * frac + yval[0][k] * (1-frac);
        -: 1676:	}
    #####: 1677:	i = ((mult[0] * (1-cfrac) + mult[1] * cfrac) * row + num) * 2;
    #####: 1678:	RAW(row,col) = LIM(i,0,65535);
        -: 1679:      }
    #####: 1680:    free (yval[0]);
        -: 1681:  }
        -: 1682:}
        -: 1683:
    #####: 1684:void CLASS phase_one_load_raw()
        -: 1685:{
        -: 1686:  int a, b, i;
        -: 1687:  ushort akey, bkey, mask;
        -: 1688:
    #####: 1689:  fseek (ifp, ph1.key_off, SEEK_SET);
    #####: 1690:  akey = get2();
    #####: 1691:  bkey = get2();
    #####: 1692:  mask = ph1.format == 1 ? 0x5555:0x1354;
    #####: 1693:  fseek (ifp, data_offset, SEEK_SET);
    #####: 1694:  read_shorts (raw_image, raw_width*raw_height);
    #####: 1695:  if (ph1.format)
    #####: 1696:    for (i=0; i < raw_width*raw_height; i+=2) {
    #####: 1697:      a = raw_image[i+0] ^ akey;
    #####: 1698:      b = raw_image[i+1] ^ bkey;
    #####: 1699:      raw_image[i+0] = (a & mask) | (b & ~mask);
    #####: 1700:      raw_image[i+1] = (b & mask) | (a & ~mask);
        -: 1701:    }
    #####: 1702:}
        -: 1703:
    #####: 1704:unsigned CLASS ph1_bithuff (int nbits, ushort *huff)
        -: 1705:{
        -: 1706:  static UINT64 bitbuf=0;
        -: 1707:  static int vbits=0;
        -: 1708:  unsigned c;
        -: 1709:
    #####: 1710:  if (nbits == -1)
    #####: 1711:    return bitbuf = vbits = 0;
    #####: 1712:  if (nbits == 0) return 0;
    #####: 1713:  if (vbits < nbits) {
    #####: 1714:    bitbuf = bitbuf << 32 | get4();
    #####: 1715:    vbits += 32;
        -: 1716:  }
    #####: 1717:  c = bitbuf << (64-vbits) >> (64-nbits);
    #####: 1718:  if (huff) {
    #####: 1719:    vbits -= huff[c] >> 8;
    #####: 1720:    return (uchar) huff[c];
        -: 1721:  }
    #####: 1722:  vbits -= nbits;
    #####: 1723:  return c;
        -: 1724:}
        -: 1725:#define ph1_bits(n) ph1_bithuff(n,0)
        -: 1726:#define ph1_huff(h) ph1_bithuff(*h,h+1)
        -: 1727:
    #####: 1728:void CLASS phase_one_load_raw_c()
        -: 1729:{
        -: 1730:  static const int length[] = { 8,7,6,9,11,10,5,12,14,13 };
        -: 1731:  int *offset, len[2], pred[2], row, col, i, j;
        -: 1732:  ushort *pixel;
        -: 1733:  short (*cblack)[2], (*rblack)[2];
        -: 1734:
    #####: 1735:  pixel = (ushort *) calloc (raw_width*3 + raw_height*4, 2);
    #####: 1736:  merror (pixel, "phase_one_load_raw_c()");
    #####: 1737:  offset = (int *) (pixel + raw_width);
    #####: 1738:  fseek (ifp, strip_offset, SEEK_SET);
    #####: 1739:  for (row=0; row < raw_height; row++)
    #####: 1740:    offset[row] = get4();
    #####: 1741:  cblack = (short (*)[2]) (offset + raw_height);
    #####: 1742:  fseek (ifp, ph1.black_col, SEEK_SET);
    #####: 1743:  if (ph1.black_col)
    #####: 1744:    read_shorts ((ushort *) cblack[0], raw_height*2);
[...]
    #####: 9869:    puts(_("-i        Identify files without decoding them"));
    #####: 9870:    puts(_("-i -v     Identify files and show metadata"));
    #####: 9871:    puts(_("-z        Change file dates to camera timestamp"));
    #####: 9872:    puts(_("-w        Use camera white balance, if possible"));
    #####: 9873:    puts(_("-a        Average the whole image for white balance"));
    #####: 9874:    puts(_("-A <x y w h> Average a grey box for white balance"));
    #####: 9875:    puts(_("-r <r g b g> Set custom white balance"));
    #####: 9876:    puts(_("+M/-M     Use/don't use an embedded color matrix"));
    #####: 9877:    puts(_("-C <r b>  Correct chromatic aberration"));
    #####: 9878:    puts(_("-P <file> Fix the dead pixels listed in this file"));
    #####: 9879:    puts(_("-K <file> Subtract dark frame (16-bit raw PGM)"));
    #####: 9880:    puts(_("-k <num>  Set the darkness level"));
    #####: 9881:    puts(_("-S <num>  Set the saturation level"));
    #####: 9882:    puts(_("-n <num>  Set threshold for wavelet denoising"));
    #####: 9883:    puts(_("-H [0-9]  Highlight mode (0=clip, 1=unclip, 2=blend, 3+=rebuild)"));
    #####: 9884:    puts(_("-t [0-7]  Flip image (0=none, 3=180, 5=90CCW, 6=90CW)"));
    #####: 9885:    puts(_("-o [0-6]  Output colorspace (raw,sRGB,Adobe,Wide,ProPhoto,XYZ,ACES)"));
        -: 9886:#ifndef NO_LCMS
    #####: 9887:    puts(_("-o <file> Apply output ICC profile from file"));
    #####: 9888:    puts(_("-p <file> Apply camera ICC profile from file or \"embed\""));
        -: 9889:#endif
    #####: 9890:    puts(_("-d        Document mode (no color, no interpolation)"));
    #####: 9891:    puts(_("-D        Document mode without scaling (totally raw)"));
    #####: 9892:    puts(_("-j        Don't stretch or rotate raw pixels"));
    #####: 9893:    puts(_("-W        Don't automatically brighten the image"));
    #####: 9894:    puts(_("-b <num>  Adjust brightness (default = 1.0)"));
    #####: 9895:    puts(_("-g <p ts> Set custom gamma curve (default = 2.222 4.5)"));
    #####: 9896:    puts(_("-q [0-3]  Set the interpolation quality"));
    #####: 9897:    puts(_("-h        Half-size color image (twice as fast as \"-q 0\")"));
    #####: 9898:    puts(_("-f        Interpolate RGGB as four colors"));
    #####: 9899:    puts(_("-m <num>  Apply a 3x3 median filter to R-G and B-G"));
    #####: 9900:    puts(_("-s [0..N-1] Select one raw image or \"all\" from each file"));
    #####: 9901:    puts(_("-6        Write 16-bit instead of 8-bit"));
    #####: 9902:    puts(_("-4        Linear 16-bit, same as \"-6 -W -g 1 1\""));
    #####: 9903:    puts(_("-T        Write TIFF instead of PPM"));
    #####: 9904:    puts("");
        -: 9905:    return 1;
        -: 9906:  }
        1: 9907:  argv[argc] = "";
        5: 9908:  for (arg=1; (((opm = argv[arg][0]) - 2) | 2) == '+'; ) {
        3: 9909:    opt = argv[arg++][1];
        3: 9910:    if ((cp = (char *) strchr (sp="nbrkStqmHACg", opt)))
        6: 9911:      for (i=0; i < "114111111422"[cp-sp]-'0'; i++)
        6: 9912:	if (!isdigit(argv[arg+i][0])) {
    #####: 9913:	  fprintf (stderr,_("Non-numeric argument to \"-%c\"\n"), opt);
        -: 9914:	  return 1;
        -: 9915:	}
        3: 9916:    switch (opt) {
    #####: 9917:      case 'n':  threshold   = atof(argv[arg++]);  break;
    #####: 9918:      case 'b':  bright      = atof(argv[arg++]);  break;
        -: 9919:      case 'r':
        8: 9920:	   FORC4 user_mul[c] = atof(argv[arg++]);  break;
    #####: 9921:      case 'C':  aber[0] = 1 / atof(argv[arg++]);
    #####: 9922:		 aber[2] = 1 / atof(argv[arg++]);  break;
    #####: 9923:      case 'g':  gamm[0] =     atof(argv[arg++]);
    #####: 9924:		 gamm[1] =     atof(argv[arg++]);
    #####: 9925:		 if (gamm[0]) gamm[0] = 1/gamm[0]; break;
    #####: 9926:      case 'k':  user_black  = atoi(argv[arg++]);  break;
    #####: 9927:      case 'S':  user_sat    = atoi(argv[arg++]);  break;
    #####: 9928:      case 't':  user_flip   = atoi(argv[arg++]);  break;
        2: 9929:      case 'q':  user_qual   = atoi(argv[arg++]);  break;
    #####: 9930:      case 'm':  med_passes  = atoi(argv[arg++]);  break;
        2: 9931:      case 'H':  highlight   = atoi(argv[arg++]);  break;
    #####: 9932:      case 's':
    #####: 9933:	shot_select = abs(atoi(argv[arg]));
    #####: 9934:	multi_out = !strcmp(argv[arg++],"all");
    #####: 9935:	break;
    #####: 9936:      case 'o':
    #####: 9937:	if (isdigit(argv[arg][0]) && !argv[arg][1])
    #####: 9938:	  output_color = atoi(argv[arg++]);
        -: 9939:#ifndef NO_LCMS
    #####: 9940:	else     out_profile = argv[arg++];
        -: 9941:	break;
    #####: 9942:      case 'p':  cam_profile = argv[arg++];
        -: 9943:#endif
    #####: 9944:	break;
    #####: 9945:      case 'P':  bpfile     = argv[arg++];  break;
    #####: 9946:      case 'K':  dark_frame = argv[arg++];  break;
        -: 9947:      case 'z':  timestamp_only    = 1;  break;
    #####: 9948:      case 'e':  thumbnail_only    = 1;  break;
    #####: 9949:      case 'i':  identify_only     = 1;  break;
    #####: 9950:      case 'c':  write_to_stdout   = 1;  break;
    #####: 9951:      case 'v':  verbose           = 1;  break;
    #####: 9952:      case 'h':  half_size         = 1;  break;
    #####: 9953:      case 'f':  four_color_rgb    = 1;  break;
    #####: 9954:      case 'A':  FORC4 greybox[c]  = atoi(argv[arg++]);
    #####: 9955:      case 'a':  use_auto_wb       = 1;  break;
    #####: 9956:      case 'w':  use_camera_wb     = 1;  break;
    #####: 9957:      case 'M':  use_camera_matrix = 3 * (opm == '+');  break;
    #####: 9958:      case 'I':  read_from_stdin   = 1;  break;
    #####: 9959:      case 'E':  document_mode++;
    #####: 9960:      case 'D':  document_mode++;
    #####: 9961:      case 'd':  document_mode++;
        -: 9962:      case 'j':  use_fuji_rotate   = 0;  break;
    #####: 9963:      case 'W':  no_auto_bright    = 1;  break;
    #####: 9964:      case 'T':  output_tiff       = 1;  break;
    #####: 9965:      case '4':  gamm[0] = gamm[1] =
    #####: 9966:		 no_auto_bright    = 1;
    #####: 9967:      case '6':  output_bps       = 16;  break;
    #####: 9968:      default:
    #####: 9969:	fprintf (stderr,_("Unknown option \"-%c\".\n"), opt);
        -: 9970:	return 1;
        -: 9971:    }
        -: 9972:  }
        1: 9973:  if (arg == argc) {
    #####: 9974:    fprintf (stderr,_("No files to process.\n"));
        -: 9975:    return 1;
        -: 9976:  }
        1: 9977:  if (write_to_stdout) {
    #####: 9978:    if (isatty(1)) {
    #####: 9979:      fprintf (stderr,_("Will not write an image to the terminal!\n"));
        -: 9980:      return 1;
        -: 9981:    }
        -: 9982:#if defined(WIN32) || defined(DJGPP) || defined(__CYGWIN__)
        -: 9983:    if (setmode(1,O_BINARY) < 0) {
        -: 9984:      perror ("setmode()");
        -: 9985:      return 1;
        -: 9986:    }
        -: 9987:#endif
        -: 9988:  }
        1: 9989:  for ( ; arg < argc; arg++) {
        -: 9990:    status = 1;
        1: 9991:    raw_image = 0;
        1: 9992:    image = 0;
        1: 9993:    oprof = 0;
        1: 9994:    meta_data = ofname = 0;
        1: 9995:    ofp = stdout;
        1: 9996:    if (setjmp (failure)) {
    #####: 9997:      if (fileno(ifp) > 2) fclose(ifp);
    #####: 9998:      if (fileno(ofp) > 2) fclose(ofp);
        -: 9999:      status = 1;
        -:10000:      goto cleanup;
        -:10001:    }
        1:10002:    ifname = argv[arg];
        1:10003:    if (!(ifp = fopen (ifname, "rb"))) {
    #####:10004:      perror (ifname);
    #####:10005:      continue;
        -:10006:    }
        1:10007:    status = (identify(),!is_raw);
        1:10008:    if (user_flip >= 0)
    #####:10009:      flip = user_flip;
        1:10010:    switch ((flip+3600) % 360) {
    #####:10011:      case 270:  flip = 5;  break;
    #####:10012:      case 180:  flip = 3;  break;
    #####:10013:      case  90:  flip = 6;
        -:10014:    }
        1:10015:    if (timestamp_only) {
    #####:10016:      if ((status = !timestamp))
    #####:10017:	fprintf (stderr,_("%s has no timestamp.\n"), ifname);
    #####:10018:      else if (identify_only)
    #####:10019:	printf ("%10ld%10d %s\n", (long) timestamp, shot_order, ifname);
        -:10020:      else {
    #####:10021:	if (verbose)
    #####:10022:	  fprintf (stderr,_("%s time set to %d.\n"), ifname, (int) timestamp);
    #####:10023:	ut.actime = ut.modtime = timestamp;
    #####:10024:	utime (ifname, &ut);
        -:10025:      }
        -:10026:      goto next;
        -:10027:    }
        1:10028:    write_fun = &CLASS write_ppm_tiff;
        1:10029:    if (thumbnail_only) {
    #####:10030:      if ((status = !thumb_offset)) {
    #####:10031:	fprintf (stderr,_("%s has no thumbnail.\n"), ifname);
        -:10032:	goto next;
    #####:10033:      } else if (thumb_load_raw) {
    #####:10034:	load_raw = thumb_load_raw;
    #####:10035:	data_offset = thumb_offset;
    #####:10036:	height = thumb_height;
    #####:10037:	width  = thumb_width;
    #####:10038:	filters = 0;
    #####:10039:	colors = 3;
        -:10040:      } else {
    #####:10041:	fseek (ifp, thumb_offset, SEEK_SET);
    #####:10042:	write_fun = write_thumb;
    #####:10043:	goto thumbnail;
        -:10044:      }
        -:10045:    }
        1:10046:    if (load_raw == &CLASS kodak_ycbcr_load_raw) {
    #####:10047:      height += height & 1;
    #####:10048:      width  += width  & 1;
        -:10049:    }
        1:10050:    if (identify_only && verbose && make[0]) {
    #####:10051:      printf (_("\nFilename: %s\n"), ifname);
    #####:10052:      printf (_("Timestamp: %s"), ctime(&timestamp));
    #####:10053:      printf (_("Camera: %s %s\n"), make, model);
    #####:10054:      if (artist[0])
    #####:10055:	printf (_("Owner: %s\n"), artist);
    #####:10056:      if (dng_version) {
    #####:10057:	printf (_("DNG Version: "));
    #####:10058:	for (i=24; i >= 0; i -= 8)
    #####:10059:	  printf ("%d%c", dng_version >> i & 255, i ? '.':'\n');
        -:10060:      }
    #####:10061:      printf (_("ISO speed: %d\n"), (int) iso_speed);
    #####:10062:      printf (_("Shutter: "));
    #####:10063:      if (shutter > 0 && shutter < 1)
    #####:10064:	shutter = (printf ("1/"), 1 / shutter);
    #####:10065:      printf (_("%0.1f sec\n"), shutter);
    #####:10066:      printf (_("Aperture: f/%0.1f\n"), aperture);
    #####:10067:      printf (_("Focal length: %0.1f mm\n"), focal_len);
    #####:10068:      printf (_("Embedded ICC profile: %s\n"), profile_length ? _("yes"):_("no"));
    #####:10069:      printf (_("Number of raw images: %d\n"), is_raw);
    #####:10070:      if (pixel_aspect != 1)
    #####:10071:	printf (_("Pixel Aspect Ratio: %0.6f\n"), pixel_aspect);
    #####:10072:      if (thumb_offset)
    #####:10073:	printf (_("Thumb size:  %4d x %d\n"), thumb_width, thumb_height);
    #####:10074:      printf (_("Full size:   %4d x %d\n"), raw_width, raw_height);
        1:10075:    } else if (!is_raw)
    #####:10076:      fprintf (stderr,_("Cannot decode file %s\n"), ifname);
        1:10077:    if (!is_raw) goto next;
        3:10078:    shrink = filters && (half_size || (!identify_only &&
        2:10079:	(threshold || aber[0] != 1 || aber[2] != 1)));
        1:10080:    iheight = (height + shrink) >> shrink;
        1:10081:    iwidth  = (width  + shrink) >> shrink;
        1:10082:    if (identify_only) {
    #####:10083:      if (verbose) {
    #####:10084:	if (document_mode == 3) {
    #####:10085:	  top_margin = left_margin = fuji_width = 0;
    #####:10086:	  height = raw_height;
    #####:10087:	  width  = raw_width;
        -:10088:	}
    #####:10089:	iheight = (height + shrink) >> shrink;
    #####:10090:	iwidth  = (width  + shrink) >> shrink;
    #####:10091:	if (use_fuji_rotate) {
    #####:10092:	  if (fuji_width) {
    #####:10093:	    fuji_width = (fuji_width - 1 + shrink) >> shrink;
    #####:10094:	    iwidth = fuji_width / sqrt(0.5);
    #####:10095:	    iheight = (iheight - fuji_width) / sqrt(0.5);
        -:10096:	  } else {
    #####:10097:	    if (pixel_aspect < 1) iheight = iheight / pixel_aspect + 0.5;
    #####:10098:	    if (pixel_aspect > 1) iwidth  = iwidth  * pixel_aspect + 0.5;
        -:10099:	  }
        -:10100:	}
    #####:10101:	if (flip & 4)
    #####:10102:	  SWAP(iheight,iwidth);
    #####:10103:	printf (_("Image size:  %4d x %d\n"), width, height);
    #####:10104:	printf (_("Output size: %4d x %d\n"), iwidth, iheight);
    #####:10105:	printf (_("Raw colors: %d"), colors);
    #####:10106:	if (filters) {
        -:10107:	  int fhigh = 2, fwide = 2;
    #####:10108:	  if ((filters ^ (filters >>  8)) & 0xff)   fhigh = 4;
    #####:10109:	  if ((filters ^ (filters >> 16)) & 0xffff) fhigh = 8;
    #####:10110:	  if (filters == 1) fhigh = fwide = 16;
    #####:10111:	  if (filters == 9) fhigh = fwide = 6;
    #####:10112:	  printf (_("\nFilter pattern: "));
    #####:10113:	  for (i=0; i < fhigh; i++)
    #####:10114:	    for (c = i && putchar('/') && 0; c < fwide; c++)
    #####:10115:	      putchar (cdesc[fcol(i,c)]);
        -:10116:	}
    #####:10117:	printf (_("\nDaylight multipliers:"));
    #####:10118:	FORCC printf (" %f", pre_mul[c]);
    #####:10119:	if (cam_mul[0] > 0) {
    #####:10120:	  printf (_("\nCamera multipliers:"));
    #####:10121:	  FORC4 printf (" %f", cam_mul[c]);
        -:10122:	}
        -:10123:	putchar ('\n');
        -:10124:      } else
    #####:10125:	printf (_("%s is a %s %s image.\n"), ifname, make, model);
    #####:10126:next:
    #####:10127:      fclose(ifp);
    #####:10128:      continue;
        -:10129:    }
        1:10130:    if (meta_length) {
    #####:10131:      meta_data = (char *) malloc (meta_length);
    #####:10132:      merror (meta_data, "main()");
        -:10133:    }
        1:10134:    if (filters || colors == 1) {
        1:10135:      raw_image = (ushort *) calloc ((raw_height+7), raw_width*2);
        1:10136:      merror (raw_image, "main()");
        -:10137:    } else {
    #####:10138:      image = (ushort (*)[4]) calloc (iheight, iwidth*sizeof *image);
    #####:10139:      merror (image, "main()");
        -:10140:    }
        1:10141:    if (verbose)
    #####:10142:      fprintf (stderr,_("Loading %s %s image from %s ...\n"),
        -:10143:	make, model, ifname);
        1:10144:    if (shot_select >= is_raw)
    #####:10145:      fprintf (stderr,_("%s: \"-s %d\" requests a nonexistent image!\n"),
        -:10146:	ifname, shot_select);
        1:10147:    fseeko (ifp, data_offset, SEEK_SET);
        1:10148:    if (raw_image && read_from_stdin)
    #####:10149:      fread (raw_image, 2, raw_height*raw_width, stdin);
        1:10150:    else (*load_raw)();
        1:10151:    if (document_mode == 3) {
    #####:10152:      top_margin = left_margin = fuji_width = 0;
    #####:10153:      height = raw_height;
    #####:10154:      width  = raw_width;
        -:10155:    }
        1:10156:    iheight = (height + shrink) >> shrink;
        1:10157:    iwidth  = (width  + shrink) >> shrink;
        1:10158:    if (raw_image) {
        1:10159:      image = (ushort (*)[4]) calloc (iheight, iwidth*sizeof *image);
        1:10160:      merror (image, "main()");
        1:10161:      crop_masked_pixels();
        1:10162:      free (raw_image);
        -:10163:    }
        1:10164:    if (zero_is_bad) remove_zeroes();
        1:10165:    bad_pixels (bpfile);
        1:10166:    if (dark_frame) subtract (dark_frame);
        1:10167:    quality = 2 + !fuji_width;
        1:10168:    if (user_qual >= 0) quality = user_qual;
        1:10169:    i = cblack[3];
        1:10170:    FORC3 if (i > cblack[c]) i = cblack[c];
        4:10171:    FORC4 cblack[c] -= i;
        1:10172:    black += i;
        1:10173:    i = cblack[6];
        1:10174:    FORC (cblack[4] * cblack[5])
    #####:10175:      if (i > cblack[6+c]) i = cblack[6+c];
    #####:10176:    FORC (cblack[4] * cblack[5])
    #####:10177:      cblack[6+c] -= i;
        1:10178:    black += i;
        1:10179:    if (user_black >= 0) black = user_black;
        4:10180:    FORC4 cblack[c] += black;
        1:10181:    if (user_sat > 0) maximum = user_sat;
        -:10182:#ifdef COLORCHECK
        -:10183:    colorcheck();
        -:10184:#endif
        1:10185:    if (is_foveon) {
    #####:10186:      if (document_mode || load_raw == &CLASS foveon_dp_load_raw) {
    #####:10187:	for (i=0; i < height*width*4; i++)
    #####:10188:	  if ((short) image[0][i] < 0) image[0][i] = 0;
    #####:10189:      } else foveon_interpolate();
        1:10190:    } else if (document_mode < 2)
        1:10191:      scale_colors();
        1:10192:    pre_interpolate();
        1:10193:    if (filters && !document_mode) {
        1:10194:      if (quality == 0)
        1:10195:	lin_interpolate();
    #####:10196:      else if (quality == 1 || colors > 3)
    #####:10197:	vng_interpolate();
    #####:10198:      else if (quality == 2 && filters > 1000)
    #####:10199:	ppg_interpolate();
    #####:10200:      else if (filters == 9)
    #####:10201:	xtrans_interpolate (quality*2-3);
        -:10202:      else
    #####:10203:	ahd_interpolate();
        -:10204:    }
        1:10205:    if (mix_green)
    #####:10206:      for (colors=3, i=0; i < height*width; i++)
    #####:10207:	image[i][1] = (image[i][1] + image[i][3]) >> 1;
        1:10208:    if (!is_foveon && colors == 3) median_filter();
        1:10209:    if (!is_foveon && highlight == 2) blend_highlights();
        1:10210:    if (!is_foveon && highlight > 2) recover_highlights();
        1:10211:    if (use_fuji_rotate) fuji_rotate();
        -:10212:#ifndef NO_LCMS
        1:10213:    if (cam_profile) apply_profile (cam_profile, out_profile);
        -:10214:#endif
        1:10215:    convert_to_rgb();
        2:10216:    if (use_fuji_rotate) stretch();
        1:10217:thumbnail:
        1:10218:    if (write_fun == &CLASS jpeg_thumb)
        -:10219:      write_ext = ".jpg";
        1:10220:    else if (output_tiff && write_fun == &CLASS write_ppm_tiff)
        -:10221:      write_ext = ".tiff";
        -:10222:    else
        1:10223:      write_ext = ".pgm\0.ppm\0.ppm\0.pam" + colors*5-5;
        1:10224:    ofname = (char *) malloc (strlen(ifname) + 64);
        1:10225:    merror (ofname, "main()");
        1:10226:    if (write_to_stdout)
    #####:10227:      strcpy (ofname,_("standard output"));
        -:10228:    else {
        1:10229:      strcpy (ofname, ifname);
        1:10230:      if ((cp = strrchr (ofname, '.'))) *cp = 0;
        1:10231:      if (multi_out)
    #####:10232:	sprintf (ofname+strlen(ofname), "_%0*d",
        -:10233:		snprintf(0,0,"%d",is_raw-1), shot_select);
        1:10234:      if (thumbnail_only)
    #####:10235:	strcat (ofname, ".thumb");
        1:10236:      strcat (ofname, write_ext);
        1:10237:      ofp = fopen (ofname, "wb");
        1:10238:      if (!ofp) {
    #####:10239:	status = 1;
    #####:10240:	perror (ofname);
        -:10241:	goto cleanup;
        -:10242:      }
        -:10243:    }
        1:10244:    if (verbose)
    #####:10245:      fprintf (stderr,_("Writing data to %s ...\n"), ofname);
        1:10246:    (*write_fun)();
        1:10247:    fclose(ifp);
        2:10248:    if (ofp != stdout) fclose(ofp);
        1:10249:cleanup:
        1:10250:    if (meta_data) free (meta_data);
        1:10251:    if (ofname) free (ofname);
        1:10252:    if (oprof) free (oprof);
        1:10253:    if (image) free (image);
        1:10254:    if (multi_out) {
    #####:10255:      if (++shot_select < is_raw) arg--;
    #####:10256:      else shot_select = 0;
        -:10257:    }
        -:10258:  }
        -:10259:  return status;
        -:10260:}
